SF:/home/efe/Repositories/Haven-App/haven-core/src/api.rs
FN:72,_RNvMs_NtCse4acRM52xEK_10haven_core3apiNtB4_9HavenCore10initialize
FN:39,_RNvMs_NtCse4acRM52xEK_10haven_core3apiNtB4_9HavenCore3new
FN:20,_RNvXNtCse4acRM52xEK_10haven_core3apiNtB2_9HavenCoreNtNtCs3XFJfFEDSOQ_4core7default7Default7default
FN:177,_RNvNtNtCse4acRM52xEK_10haven_core3api5testss_26debug_trait_implementation
FN:166,_RNvNtNtCse4acRM52xEK_10haven_core3api5testss_32initialize_sets_initialized_flag
FN:154,_RNvNtNtCse4acRM52xEK_10haven_core3api5testss_32new_creates_initialized_instance
FN:203,_RNvNtNtCse4acRM52xEK_10haven_core3api5testss_33update_location_generates_geohash
FN:160,_RNvNtNtCse4acRM52xEK_10haven_core3api5testss_38default_creates_uninitialized_instance
FN:228,_RNvNtNtCse4acRM52xEK_10haven_core3api5testss_38get_location_settings_returns_defaults
FN:237,_RNvNtNtCse4acRM52xEK_10haven_core3api5testss_38set_location_settings_updates_settings
FN:193,_RNvNtNtCse4acRM52xEK_10haven_core3api5testss_38update_location_obfuscates_coordinates
FN:185,_RNvNtNtCse4acRM52xEK_10haven_core3api5testss_40multiple_initialize_calls_are_idempotent
FN:212,_RNvNtNtCse4acRM52xEK_10haven_core3api5testss_41update_location_uses_configured_precision
FNDA:3,_RNvMs_NtCse4acRM52xEK_10haven_core3apiNtB4_9HavenCore10initialize
FNDA:7,_RNvMs_NtCse4acRM52xEK_10haven_core3apiNtB4_9HavenCore3new
FNDA:3,_RNvXNtCse4acRM52xEK_10haven_core3apiNtB2_9HavenCoreNtNtCs3XFJfFEDSOQ_4core7default7Default7default
FNDA:1,_RNvNtNtCse4acRM52xEK_10haven_core3api5testss_26debug_trait_implementation
FNDA:1,_RNvNtNtCse4acRM52xEK_10haven_core3api5testss_32initialize_sets_initialized_flag
FNDA:1,_RNvNtNtCse4acRM52xEK_10haven_core3api5testss_32new_creates_initialized_instance
FNDA:1,_RNvNtNtCse4acRM52xEK_10haven_core3api5testss_33update_location_generates_geohash
FNDA:1,_RNvNtNtCse4acRM52xEK_10haven_core3api5testss_38default_creates_uninitialized_instance
FNDA:1,_RNvNtNtCse4acRM52xEK_10haven_core3api5testss_38get_location_settings_returns_defaults
FNDA:1,_RNvNtNtCse4acRM52xEK_10haven_core3api5testss_38set_location_settings_updates_settings
FNDA:1,_RNvNtNtCse4acRM52xEK_10haven_core3api5testss_38update_location_obfuscates_coordinates
FNDA:1,_RNvNtNtCse4acRM52xEK_10haven_core3api5testss_40multiple_initialize_calls_are_idempotent
FNDA:1,_RNvNtNtCse4acRM52xEK_10haven_core3api5testss_41update_location_uses_configured_precision
FNF:13
FNH:13
DA:20,3
DA:21,3
DA:22,3
DA:23,3
DA:24,3
DA:25,3
DA:39,7
DA:40,7
DA:41,7
DA:42,7
DA:43,7
DA:44,7
DA:72,3
DA:73,3
DA:74,3
DA:75,3
DA:154,1
DA:155,1
DA:156,1
DA:157,1
DA:160,1
DA:161,1
DA:162,1
DA:163,1
DA:166,1
DA:167,1
DA:168,1
DA:170,1
DA:172,1
DA:173,1
DA:174,1
DA:177,1
DA:178,1
DA:179,1
DA:180,1
DA:181,1
DA:182,1
DA:185,1
DA:186,1
DA:187,1
DA:188,1
DA:189,1
DA:190,1
DA:193,1
DA:194,1
DA:195,1
DA:198,1
DA:199,1
DA:200,1
DA:203,1
DA:204,1
DA:205,1
DA:208,1
DA:209,1
DA:212,1
DA:215,1
DA:216,1
DA:217,1
DA:218,1
DA:220,1
DA:223,1
DA:224,1
DA:225,1
DA:228,1
DA:229,1
DA:230,1
DA:232,1
DA:233,1
DA:234,1
DA:237,1
DA:238,1
DA:239,1
DA:240,1
DA:241,1
DA:243,1
DA:245,1
DA:246,1
DA:247,1
DA:248,1
BRF:0
BRH:0
LF:79
LH:79
end_of_record
SF:/home/efe/Repositories/Haven-App/haven-core/src/location/nostr.rs
FN:95,_RNvMNtNtCse4acRM52xEK_10haven_core8location5nostrNtB2_20LocationEventBuilder20includes_geohash_tag
FN:89,_RNvMNtNtCse4acRM52xEK_10haven_core8location5nostrNtB2_20LocationEventBuilder21prepare_location_data
FN:55,_RNvMNtNtCse4acRM52xEK_10haven_core8location5nostrNtB2_20LocationEventBuilder3new
FN:101,_RNvXs_NtNtCse4acRM52xEK_10haven_core8location5nostrNtB4_20LocationEventBuilderNtNtCs3XFJfFEDSOQ_4core7default7Default7default
FN:90,_RNCNvMNtNtCse4acRM52xEK_10haven_core8location5nostrNtB4_20LocationEventBuilder21prepare_location_data0B8_
FN:137,_RNvNtNtNtCse4acRM52xEK_10haven_core8location5nostr5testss_29prepare_location_data_success
FN:119,_RNvNtNtNtCse4acRM52xEK_10haven_core8location5nostr5testss_30event_builder_new_with_geohash
FN:125,_RNvNtNtNtCse4acRM52xEK_10haven_core8location5nostr5testss_33event_builder_new_without_geohash
FN:131,_RNvNtNtNtCse4acRM52xEK_10haven_core8location5nostr5testss_35event_builder_default_privacy_first
FN:150,_RNvNtNtNtCse4acRM52xEK_10haven_core8location5nostr5testss_45prepare_location_data_excludes_private_fields
FNDA:3,_RNvMNtNtCse4acRM52xEK_10haven_core8location5nostrNtB2_20LocationEventBuilder20includes_geohash_tag
FNDA:2,_RNvMNtNtCse4acRM52xEK_10haven_core8location5nostrNtB2_20LocationEventBuilder21prepare_location_data
FNDA:5,_RNvMNtNtCse4acRM52xEK_10haven_core8location5nostrNtB2_20LocationEventBuilder3new
FNDA:1,_RNvXs_NtNtCse4acRM52xEK_10haven_core8location5nostrNtB4_20LocationEventBuilderNtNtCs3XFJfFEDSOQ_4core7default7Default7default
FNDA:0,_RNCNvMNtNtCse4acRM52xEK_10haven_core8location5nostrNtB4_20LocationEventBuilder21prepare_location_data0B8_
FNDA:1,_RNvNtNtNtCse4acRM52xEK_10haven_core8location5nostr5testss_29prepare_location_data_success
FNDA:1,_RNvNtNtNtCse4acRM52xEK_10haven_core8location5nostr5testss_30event_builder_new_with_geohash
FNDA:1,_RNvNtNtNtCse4acRM52xEK_10haven_core8location5nostr5testss_33event_builder_new_without_geohash
FNDA:1,_RNvNtNtNtCse4acRM52xEK_10haven_core8location5nostr5testss_35event_builder_default_privacy_first
FNDA:1,_RNvNtNtNtCse4acRM52xEK_10haven_core8location5nostr5testss_45prepare_location_data_excludes_private_fields
FNF:10
FNH:9
DA:55,5
DA:56,5
DA:57,5
DA:58,5
DA:59,5
DA:89,2
DA:90,2
DA:91,2
DA:95,3
DA:96,3
DA:97,3
DA:101,1
DA:102,1
DA:103,1
DA:119,1
DA:120,1
DA:121,1
DA:122,1
DA:125,1
DA:126,1
DA:127,1
DA:128,1
DA:131,1
DA:132,1
DA:133,1
DA:134,1
DA:137,1
DA:138,1
DA:139,1
DA:141,1
DA:143,1
DA:144,1
DA:145,1
DA:146,1
DA:147,1
DA:150,1
DA:151,1
DA:152,1
DA:153,1
DA:155,1
DA:156,1
DA:159,1
DA:160,1
DA:161,1
DA:162,1
BRF:0
BRH:0
LF:46
LH:45
end_of_record
SF:/home/efe/Repositories/Haven-App/haven-core/src/location/privacy.rs
FN:140,_RNCNvNtNtCse4acRM52xEK_10haven_core8location7privacy19geohash_to_location0B7_
FN:95,_RNCNvNtNtCse4acRM52xEK_10haven_core8location7privacy19location_to_geohash0B7_
FN:138,_RNvNtNtCse4acRM52xEK_10haven_core8location7privacy19geohash_to_location
FN:93,_RNvNtNtCse4acRM52xEK_10haven_core8location7privacy19location_to_geohash
FN:162,_RNvNtNtCse4acRM52xEK_10haven_core8location7privacy20geohash_error_radius
FN:38,_RNvNtNtCse4acRM52xEK_10haven_core8location7privacy20obfuscate_coordinate
FN:315,_RNCNvNtNtNtCse4acRM52xEK_10haven_core8location7privacy5testss_37geohash_nearby_locations_share_prefix0B9_
FN:234,_RNvNtNtNtCse4acRM52xEK_10haven_core8location7privacy5testss_17geohash_roundtrip
FN:215,_RNvNtNtNtCse4acRM52xEK_10haven_core8location7privacy5testss_19geohash_precision_8
FN:324,_RNvNtNtNtCse4acRM52xEK_10haven_core8location7privacy5testss_21obfuscate_handles_nan
FN:221,_RNvNtNtNtCse4acRM52xEK_10haven_core8location7privacy5testss_23geohash_decode_accuracy
FN:194,_RNvNtNtNtCse4acRM52xEK_10haven_core8location7privacy5testss_23obfuscate_to_2_decimals
FN:184,_RNvNtNtNtCse4acRM52xEK_10haven_core8location7privacy5testss_23obfuscate_to_4_decimals
FN:201,_RNvNtNtNtCse4acRM52xEK_10haven_core8location7privacy5testss_23obfuscate_to_5_decimals
FN:292,_RNvNtNtNtCse4acRM52xEK_10haven_core8location7privacy5testss_24obfuscate_maintains_sign
FN:271,_RNvNtNtNtCse4acRM52xEK_10haven_core8location7privacy5testss_25obfuscate_zero_coordinate
FN:277,_RNvNtNtNtCse4acRM52xEK_10haven_core8location7privacy5testss_26geohash_handles_edge_cases
FN:330,_RNvNtNtNtCse4acRM52xEK_10haven_core8location7privacy5testss_26obfuscate_handles_infinity
FN:264,_RNvNtNtNtCse4acRM52xEK_10haven_core8location7privacy5testss_27geohash_error_radius_values
FN:249,_RNvNtNtNtCse4acRM52xEK_10haven_core8location7privacy5testss_28geohash_different_precisions
FN:208,_RNvNtNtNtCse4acRM52xEK_10haven_core8location7privacy5testss_28obfuscate_negative_longitude
FN:336,_RNvNtNtNtCse4acRM52xEK_10haven_core8location7privacy5testss_30obfuscate_handles_neg_infinity
FN:300,_RNvNtNtNtCse4acRM52xEK_10haven_core8location7privacy5testss_37geohash_nearby_locations_share_prefix
FNDA:2,_RNCNvNtNtCse4acRM52xEK_10haven_core8location7privacy19geohash_to_location0B7_
FNDA:0,_RNCNvNtNtCse4acRM52xEK_10haven_core8location7privacy19location_to_geohash0B7_
FNDA:2,_RNvNtNtCse4acRM52xEK_10haven_core8location7privacy19geohash_to_location
FNDA:35,_RNvNtNtCse4acRM52xEK_10haven_core8location7privacy19location_to_geohash
FNDA:3,_RNvNtNtCse4acRM52xEK_10haven_core8location7privacy20geohash_error_radius
FNDA:57,_RNvNtNtCse4acRM52xEK_10haven_core8location7privacy20obfuscate_coordinate
FNDA:7,_RNCNvNtNtNtCse4acRM52xEK_10haven_core8location7privacy5testss_37geohash_nearby_locations_share_prefix0B9_
FNDA:1,_RNvNtNtNtCse4acRM52xEK_10haven_core8location7privacy5testss_17geohash_roundtrip
FNDA:1,_RNvNtNtNtCse4acRM52xEK_10haven_core8location7privacy5testss_19geohash_precision_8
FNDA:1,_RNvNtNtNtCse4acRM52xEK_10haven_core8location7privacy5testss_21obfuscate_handles_nan
FNDA:1,_RNvNtNtNtCse4acRM52xEK_10haven_core8location7privacy5testss_23geohash_decode_accuracy
FNDA:1,_RNvNtNtNtCse4acRM52xEK_10haven_core8location7privacy5testss_23obfuscate_to_2_decimals
FNDA:1,_RNvNtNtNtCse4acRM52xEK_10haven_core8location7privacy5testss_23obfuscate_to_4_decimals
FNDA:1,_RNvNtNtNtCse4acRM52xEK_10haven_core8location7privacy5testss_23obfuscate_to_5_decimals
FNDA:1,_RNvNtNtNtCse4acRM52xEK_10haven_core8location7privacy5testss_24obfuscate_maintains_sign
FNDA:1,_RNvNtNtNtCse4acRM52xEK_10haven_core8location7privacy5testss_25obfuscate_zero_coordinate
FNDA:1,_RNvNtNtNtCse4acRM52xEK_10haven_core8location7privacy5testss_26geohash_handles_edge_cases
FNDA:1,_RNvNtNtNtCse4acRM52xEK_10haven_core8location7privacy5testss_26obfuscate_handles_infinity
FNDA:1,_RNvNtNtNtCse4acRM52xEK_10haven_core8location7privacy5testss_27geohash_error_radius_values
FNDA:1,_RNvNtNtNtCse4acRM52xEK_10haven_core8location7privacy5testss_28geohash_different_precisions
FNDA:1,_RNvNtNtNtCse4acRM52xEK_10haven_core8location7privacy5testss_28obfuscate_negative_longitude
FNDA:1,_RNvNtNtNtCse4acRM52xEK_10haven_core8location7privacy5testss_30obfuscate_handles_neg_infinity
FNDA:1,_RNvNtNtNtCse4acRM52xEK_10haven_core8location7privacy5testss_37geohash_nearby_locations_share_prefix
FNF:23
FNH:22
DA:38,57
DA:41,57
DA:43,3
DA:44,54
DA:46,54
DA:47,54
DA:48,54
DA:49,57
DA:93,35
DA:94,35
DA:95,35
DA:96,35
DA:138,2
DA:139,2
DA:140,2
DA:141,2
DA:142,2
DA:162,3
DA:164,3
DA:165,0
DA:166,0
DA:167,0
DA:168,0
DA:169,1
DA:170,0
DA:171,1
DA:172,1
DA:173,0
DA:174,0
DA:175,0
DA:177,3
DA:184,1
DA:185,1
DA:186,1
DA:187,1
DA:190,1
DA:191,1
DA:194,1
DA:195,1
DA:196,1
DA:197,1
DA:198,1
DA:201,1
DA:202,1
DA:203,1
DA:204,1
DA:205,1
DA:208,1
DA:209,1
DA:210,1
DA:211,1
DA:212,1
DA:215,1
DA:216,1
DA:217,1
DA:218,1
DA:221,1
DA:222,1
DA:223,1
DA:225,1
DA:226,1
DA:229,1
DA:230,1
DA:231,1
DA:234,1
DA:235,1
DA:236,1
DA:238,1
DA:239,1
DA:242,1
DA:245,1
DA:246,1
DA:249,1
DA:250,1
DA:251,1
DA:253,1
DA:254,1
DA:256,1
DA:257,1
DA:260,1
DA:261,1
DA:264,1
DA:265,1
DA:266,1
DA:267,1
DA:268,1
DA:271,1
DA:272,1
DA:273,1
DA:274,1
DA:277,1
DA:279,1
DA:280,1
DA:283,1
DA:284,1
DA:287,1
DA:288,1
DA:289,1
DA:292,1
DA:293,1
DA:294,1
DA:295,1
DA:296,1
DA:297,1
DA:300,1
DA:301,1
DA:302,1
DA:305,1
DA:306,1
DA:308,1
DA:309,1
DA:312,1
DA:313,1
DA:314,1
DA:315,7
DA:316,1
DA:318,1
DA:319,1
DA:324,1
DA:325,1
DA:326,1
DA:327,1
DA:330,1
DA:331,1
DA:332,1
DA:333,1
DA:336,1
DA:337,1
DA:338,1
DA:339,1
BRF:0
BRH:0
LF:133
LH:124
end_of_record
SF:/home/efe/Repositories/Haven-App/haven-core/src/location/types.rs
FN:32,_RNvMNtNtCse4acRM52xEK_10haven_core8location5typesNtB2_17LocationPrecision14decimal_places
FN:202,_RNvMs_NtNtCse4acRM52xEK_10haven_core8location5typesNtB4_15LocationMessage10is_expired
FN:155,_RNvMs_NtNtCse4acRM52xEK_10haven_core8location5typesNtB4_15LocationMessage14with_precision
FN:130,_RNvMs_NtNtCse4acRM52xEK_10haven_core8location5typesNtB4_15LocationMessage3new
FN:222,_RNvMs_NtNtCse4acRM52xEK_10haven_core8location5typesNtB4_15LocationMessage7to_json
FN:211,_RNvMs_NtNtCse4acRM52xEK_10haven_core8location5typesNtB4_15LocationMessage9from_json
FN:252,_RNvXs0_NtNtCse4acRM52xEK_10haven_core8location5typesNtB5_16LocationSettingsNtNtCs3XFJfFEDSOQ_4core7default7Default7default
FN:361,_RNvNtNtNtCse4acRM52xEK_10haven_core8location5types5testss_31location_message_roundtrip_json
FN:373,_RNvNtNtNtCse4acRM52xEK_10haven_core8location5types5testss_32location_settings_default_values
FN:266,_RNvNtNtNtCse4acRM52xEK_10haven_core8location5types5testss_33location_precision_decimal_places
FN:384,_RNvNtNtNtCse4acRM52xEK_10haven_core8location5types5testss_37location_message_rejects_nan_latitude
FN:391,_RNvNtNtNtCse4acRM52xEK_10haven_core8location5types5testss_38location_message_rejects_nan_longitude
FN:273,_RNvNtNtNtCse4acRM52xEK_10haven_core8location5types5testss_38location_precision_default_is_enhanced
FN:288,_RNvNtNtNtCse4acRM52xEK_10haven_core8location5types5testss_39location_message_with_precision_private
FN:301,_RNvNtNtNtCse4acRM52xEK_10haven_core8location5types5testss_40location_message_with_precision_enhanced
FN:425,_RNvNtNtNtCse4acRM52xEK_10haven_core8location5types5testss_41location_message_accepts_valid_boundaries
FN:314,_RNvNtNtNtCse4acRM52xEK_10haven_core8location5types5testss_41location_message_geohash_has_8_characters
FN:320,_RNvNtNtNtCse4acRM52xEK_10haven_core8location5types5testss_41location_message_not_expired_when_created
FN:398,_RNvNtNtNtCse4acRM52xEK_10haven_core8location5types5testss_42location_message_rejects_infinity_latitude
FN:334,_RNvNtNtNtCse4acRM52xEK_10haven_core8location5types5testss_45location_message_json_excludes_private_fields
FN:405,_RNvNtNtNtCse4acRM52xEK_10haven_core8location5types5testss_46location_message_rejects_out_of_range_latitude
FN:415,_RNvNtNtNtCse4acRM52xEK_10haven_core8location5types5testss_47location_message_rejects_out_of_range_longitude
FN:326,_RNvNtNtNtCse4acRM52xEK_10haven_core8location5types5testss_48location_message_is_expired_when_past_expiration
FN:278,_RNvNtNtNtCse4acRM52xEK_10haven_core8location5types5testss_53location_message_new_obfuscates_to_enhanced_precision
FNDA:57,_RNvMNtNtCse4acRM52xEK_10haven_core8location5typesNtB2_17LocationPrecision14decimal_places
FNDA:2,_RNvMs_NtNtCse4acRM52xEK_10haven_core8location5typesNtB4_15LocationMessage10is_expired
FNDA:24,_RNvMs_NtNtCse4acRM52xEK_10haven_core8location5typesNtB4_15LocationMessage14with_precision
FNDA:19,_RNvMs_NtNtCse4acRM52xEK_10haven_core8location5typesNtB4_15LocationMessage3new
FNDA:4,_RNvMs_NtNtCse4acRM52xEK_10haven_core8location5typesNtB4_15LocationMessage7to_json
FNDA:1,_RNvMs_NtNtCse4acRM52xEK_10haven_core8location5typesNtB4_15LocationMessage9from_json
FNDA:11,_RNvXs0_NtNtCse4acRM52xEK_10haven_core8location5typesNtB5_16LocationSettingsNtNtCs3XFJfFEDSOQ_4core7default7Default7default
FNDA:1,_RNvNtNtNtCse4acRM52xEK_10haven_core8location5types5testss_31location_message_roundtrip_json
FNDA:1,_RNvNtNtNtCse4acRM52xEK_10haven_core8location5types5testss_32location_settings_default_values
FNDA:1,_RNvNtNtNtCse4acRM52xEK_10haven_core8location5types5testss_33location_precision_decimal_places
FNDA:1,_RNvNtNtNtCse4acRM52xEK_10haven_core8location5types5testss_37location_message_rejects_nan_latitude
FNDA:1,_RNvNtNtNtCse4acRM52xEK_10haven_core8location5types5testss_38location_message_rejects_nan_longitude
FNDA:1,_RNvNtNtNtCse4acRM52xEK_10haven_core8location5types5testss_38location_precision_default_is_enhanced
FNDA:1,_RNvNtNtNtCse4acRM52xEK_10haven_core8location5types5testss_39location_message_with_precision_private
FNDA:1,_RNvNtNtNtCse4acRM52xEK_10haven_core8location5types5testss_40location_message_with_precision_enhanced
FNDA:1,_RNvNtNtNtCse4acRM52xEK_10haven_core8location5types5testss_41location_message_accepts_valid_boundaries
FNDA:1,_RNvNtNtNtCse4acRM52xEK_10haven_core8location5types5testss_41location_message_geohash_has_8_characters
FNDA:1,_RNvNtNtNtCse4acRM52xEK_10haven_core8location5types5testss_41location_message_not_expired_when_created
FNDA:1,_RNvNtNtNtCse4acRM52xEK_10haven_core8location5types5testss_42location_message_rejects_infinity_latitude
FNDA:1,_RNvNtNtNtCse4acRM52xEK_10haven_core8location5types5testss_45location_message_json_excludes_private_fields
FNDA:1,_RNvNtNtNtCse4acRM52xEK_10haven_core8location5types5testss_46location_message_rejects_out_of_range_latitude
FNDA:1,_RNvNtNtNtCse4acRM52xEK_10haven_core8location5types5testss_47location_message_rejects_out_of_range_longitude
FNDA:1,_RNvNtNtNtCse4acRM52xEK_10haven_core8location5types5testss_48location_message_is_expired_when_past_expiration
FNDA:1,_RNvNtNtNtCse4acRM52xEK_10haven_core8location5types5testss_53location_message_new_obfuscates_to_enhanced_precision
FNF:24
FNH:24
DA:32,57
DA:33,57
DA:34,4
DA:35,5
DA:36,48
DA:38,57
DA:130,19
DA:131,19
DA:132,19
DA:155,24
DA:161,24
DA:162,20
DA:164,4
DA:167,24
DA:168,21
DA:170,3
DA:173,24
DA:174,24
DA:176,24
DA:177,24
DA:178,24
DA:179,24
DA:180,24
DA:181,24
DA:182,24
DA:183,24
DA:184,24
DA:185,24
DA:186,24
DA:187,24
DA:188,24
DA:189,24
DA:202,2
DA:203,2
DA:204,2
DA:211,1
DA:212,1
DA:213,1
DA:222,4
DA:223,4
DA:224,4
DA:252,11
DA:253,11
DA:254,11
DA:255,11
DA:256,11
DA:257,11
DA:258,11
DA:266,1
DA:267,1
DA:268,1
DA:269,1
DA:270,1
DA:273,1
DA:274,1
DA:275,1
DA:278,1
DA:279,1
DA:282,1
DA:283,1
DA:284,1
DA:285,1
DA:288,1
DA:289,1
DA:292,1
DA:296,1
DA:297,1
DA:298,1
DA:301,1
DA:302,1
DA:305,1
DA:309,1
DA:310,1
DA:311,1
DA:314,1
DA:315,1
DA:316,1
DA:317,1
DA:320,1
DA:321,1
DA:322,1
DA:323,1
DA:326,1
DA:327,1
DA:329,1
DA:330,1
DA:331,1
DA:334,1
DA:335,1
DA:336,1
DA:337,1
DA:338,1
DA:339,1
DA:340,1
DA:342,1
DA:345,1
DA:346,1
DA:347,1
DA:348,1
DA:349,1
DA:350,1
DA:353,1
DA:354,1
DA:355,1
DA:356,1
DA:357,1
DA:358,1
DA:361,1
DA:362,1
DA:363,1
DA:364,1
DA:366,1
DA:367,1
DA:368,1
DA:369,1
DA:370,1
DA:373,1
DA:374,1
DA:376,1
DA:377,1
DA:378,1
DA:379,1
DA:384,1
DA:385,1
DA:387,1
DA:388,1
DA:391,1
DA:392,1
DA:394,1
DA:395,1
DA:398,1
DA:399,1
DA:401,1
DA:402,1
DA:405,1
DA:407,1
DA:408,1
DA:410,1
DA:411,1
DA:412,1
DA:415,1
DA:417,1
DA:418,1
DA:420,1
DA:421,1
DA:422,1
DA:425,1
DA:427,1
DA:428,1
DA:430,1
DA:431,1
DA:433,1
DA:434,1
DA:436,1
DA:437,1
DA:438,1
BRF:0
BRH:0
LF:156
LH:156
end_of_record