SF:/home/efe/Repositories/Haven-App/haven-core/src/api.rs
FN:68,_RNvMs_NtCs4RgcrqJDxGn_10haven_core3apiNtB4_9HavenCore10initialize
FN:56,_RNvMs_NtCs4RgcrqJDxGn_10haven_core3apiNtB4_9HavenCore14is_initialized
FN:103,_RNvMs_NtCs4RgcrqJDxGn_10haven_core3apiNtB4_9HavenCore15update_location
FN:119,_RNvMs_NtCs4RgcrqJDxGn_10haven_core3apiNtB4_9HavenCore21get_location_settings
FN:139,_RNvMs_NtCs4RgcrqJDxGn_10haven_core3apiNtB4_9HavenCore21set_location_settings
FN:36,_RNvMs_NtCs4RgcrqJDxGn_10haven_core3apiNtB4_9HavenCore3new
FN:17,_RNvXNtCs4RgcrqJDxGn_10haven_core3apiNtB2_9HavenCoreNtNtCs3XFJfFEDSOQ_4core7default7Default7default
FN:172,_RNvNtNtCs4RgcrqJDxGn_10haven_core3api5testss_26debug_trait_implementation
FN:161,_RNvNtNtCs4RgcrqJDxGn_10haven_core3api5testss_32initialize_sets_initialized_flag
FN:149,_RNvNtNtCs4RgcrqJDxGn_10haven_core3api5testss_32new_creates_initialized_instance
FN:198,_RNvNtNtCs4RgcrqJDxGn_10haven_core3api5testss_33update_location_generates_geohash
FN:155,_RNvNtNtCs4RgcrqJDxGn_10haven_core3api5testss_38default_creates_uninitialized_instance
FN:223,_RNvNtNtCs4RgcrqJDxGn_10haven_core3api5testss_38get_location_settings_returns_defaults
FN:232,_RNvNtNtCs4RgcrqJDxGn_10haven_core3api5testss_38set_location_settings_updates_settings
FN:188,_RNvNtNtCs4RgcrqJDxGn_10haven_core3api5testss_38update_location_obfuscates_coordinates
FN:180,_RNvNtNtCs4RgcrqJDxGn_10haven_core3api5testss_40multiple_initialize_calls_are_idempotent
FN:207,_RNvNtNtCs4RgcrqJDxGn_10haven_core3api5testss_41update_location_uses_configured_precision
FN:68,_RNvMs_NtCs4n3ZNZ4DVUd_10haven_core3apiNtB4_9HavenCore10initialize
FN:56,_RNvMs_NtCs4n3ZNZ4DVUd_10haven_core3apiNtB4_9HavenCore14is_initialized
FN:103,_RNvMs_NtCs4n3ZNZ4DVUd_10haven_core3apiNtB4_9HavenCore15update_location
FN:119,_RNvMs_NtCs4n3ZNZ4DVUd_10haven_core3apiNtB4_9HavenCore21get_location_settings
FN:139,_RNvMs_NtCs4n3ZNZ4DVUd_10haven_core3apiNtB4_9HavenCore21set_location_settings
FN:36,_RNvMs_NtCs4n3ZNZ4DVUd_10haven_core3apiNtB4_9HavenCore3new
FN:17,_RNvXNtCs4n3ZNZ4DVUd_10haven_core3apiNtB2_9HavenCoreNtNtCs3XFJfFEDSOQ_4core7default7Default7default
FNDA:3,_RNvMs_NtCs4RgcrqJDxGn_10haven_core3apiNtB4_9HavenCore10initialize
FNDA:5,_RNvMs_NtCs4RgcrqJDxGn_10haven_core3apiNtB4_9HavenCore14is_initialized
FNDA:3,_RNvMs_NtCs4RgcrqJDxGn_10haven_core3apiNtB4_9HavenCore15update_location
FNDA:4,_RNvMs_NtCs4RgcrqJDxGn_10haven_core3apiNtB4_9HavenCore21get_location_settings
FNDA:2,_RNvMs_NtCs4RgcrqJDxGn_10haven_core3apiNtB4_9HavenCore21set_location_settings
FNDA:7,_RNvMs_NtCs4RgcrqJDxGn_10haven_core3apiNtB4_9HavenCore3new
FNDA:3,_RNvXNtCs4RgcrqJDxGn_10haven_core3apiNtB2_9HavenCoreNtNtCs3XFJfFEDSOQ_4core7default7Default7default
FNDA:1,_RNvNtNtCs4RgcrqJDxGn_10haven_core3api5testss_26debug_trait_implementation
FNDA:1,_RNvNtNtCs4RgcrqJDxGn_10haven_core3api5testss_32initialize_sets_initialized_flag
FNDA:1,_RNvNtNtCs4RgcrqJDxGn_10haven_core3api5testss_32new_creates_initialized_instance
FNDA:1,_RNvNtNtCs4RgcrqJDxGn_10haven_core3api5testss_33update_location_generates_geohash
FNDA:1,_RNvNtNtCs4RgcrqJDxGn_10haven_core3api5testss_38default_creates_uninitialized_instance
FNDA:1,_RNvNtNtCs4RgcrqJDxGn_10haven_core3api5testss_38get_location_settings_returns_defaults
FNDA:1,_RNvNtNtCs4RgcrqJDxGn_10haven_core3api5testss_38set_location_settings_updates_settings
FNDA:1,_RNvNtNtCs4RgcrqJDxGn_10haven_core3api5testss_38update_location_obfuscates_coordinates
FNDA:1,_RNvNtNtCs4RgcrqJDxGn_10haven_core3api5testss_40multiple_initialize_calls_are_idempotent
FNDA:1,_RNvNtNtCs4RgcrqJDxGn_10haven_core3api5testss_41update_location_uses_configured_precision
FNDA:0,_RNvMs_NtCs4n3ZNZ4DVUd_10haven_core3apiNtB4_9HavenCore10initialize
FNDA:0,_RNvMs_NtCs4n3ZNZ4DVUd_10haven_core3apiNtB4_9HavenCore14is_initialized
FNDA:0,_RNvMs_NtCs4n3ZNZ4DVUd_10haven_core3apiNtB4_9HavenCore15update_location
FNDA:0,_RNvMs_NtCs4n3ZNZ4DVUd_10haven_core3apiNtB4_9HavenCore21get_location_settings
FNDA:0,_RNvMs_NtCs4n3ZNZ4DVUd_10haven_core3apiNtB4_9HavenCore21set_location_settings
FNDA:0,_RNvMs_NtCs4n3ZNZ4DVUd_10haven_core3apiNtB4_9HavenCore3new
FNDA:0,_RNvXNtCs4n3ZNZ4DVUd_10haven_core3apiNtB2_9HavenCoreNtNtCs3XFJfFEDSOQ_4core7default7Default7default
FNF:17
FNH:17
DA:17,3
DA:18,3
DA:19,3
DA:20,3
DA:21,3
DA:22,3
DA:36,7
DA:37,7
DA:38,7
DA:39,7
DA:40,7
DA:41,7
DA:56,5
DA:57,5
DA:58,5
DA:68,3
DA:69,3
DA:70,3
DA:71,3
DA:103,3
DA:104,3
DA:105,3
DA:119,4
DA:120,4
DA:121,4
DA:139,2
DA:140,2
DA:141,2
DA:149,1
DA:150,1
DA:151,1
DA:152,1
DA:155,1
DA:156,1
DA:157,1
DA:158,1
DA:161,1
DA:162,1
DA:163,1
DA:165,1
DA:167,1
DA:168,1
DA:169,1
DA:172,1
DA:173,1
DA:174,1
DA:175,1
DA:176,1
DA:177,1
DA:180,1
DA:181,1
DA:182,1
DA:183,1
DA:184,1
DA:185,1
DA:188,1
DA:189,1
DA:190,1
DA:193,1
DA:194,1
DA:195,1
DA:198,1
DA:199,1
DA:200,1
DA:203,1
DA:204,1
DA:207,1
DA:210,1
DA:211,1
DA:212,1
DA:213,1
DA:215,1
DA:218,1
DA:219,1
DA:220,1
DA:223,1
DA:224,1
DA:225,1
DA:227,1
DA:228,1
DA:229,1
DA:232,1
DA:233,1
DA:234,1
DA:235,1
DA:236,1
DA:238,1
DA:240,1
DA:241,1
DA:242,1
DA:243,1
BRF:0
BRH:0
LF:91
LH:91
end_of_record
SF:/home/efe/Repositories/Haven-App/haven-core/src/location/nostr.rs
FN:662,_RNCNCNvNtNtNtCs4RgcrqJDxGn_10haven_core8location5nostr5testss_29decrypt_rejects_missing_h_tag00Bb_
FN:662,_RNCNvNtNtNtCs4RgcrqJDxGn_10haven_core8location5nostr5testss_29decrypt_rejects_missing_h_tag0B9_
FN:175,_RNvMNtNtCs4RgcrqJDxGn_10haven_core8location5nostrNtB2_20LocationEventBuilder17geohash_precision
FN:169,_RNvMNtNtCs4RgcrqJDxGn_10haven_core8location5nostrNtB2_20LocationEventBuilder20includes_geohash_tag
FN:409,_RNvMNtNtCs4RgcrqJDxGn_10haven_core8location5nostrNtB2_20LocationEventBuilder21prepare_location_data
FN:160,_RNvMNtNtCs4RgcrqJDxGn_10haven_core8location5nostrNtB2_20LocationEventBuilder22with_geohash_precision
FN:125,_RNvMNtNtCs4RgcrqJDxGn_10haven_core8location5nostrNtB2_20LocationEventBuilder3new
FN:325,_RNvMNtNtCs4RgcrqJDxGn_10haven_core8location5nostrNtB2_20LocationEventBuilder7decrypt
FN:215,_RNvMNtNtCs4RgcrqJDxGn_10haven_core8location5nostrNtB2_20LocationEventBuilder7encrypt
FN:415,_RNvXs_NtNtCs4RgcrqJDxGn_10haven_core8location5nostrNtB4_20LocationEventBuilderNtNtCs3XFJfFEDSOQ_4core7default7Default7default
FN:424,_RNvNtNtNtCs4RgcrqJDxGn_10haven_core8location5nostr5tests10test_group
FN:732,_RNvNtNtNtCs4RgcrqJDxGn_10haven_core8location5nostr5testss_24encrypt_with_precision_6
FN:701,_RNvNtNtNtCs4RgcrqJDxGn_10haven_core8location5nostr5testss_24geohash_precision_custom
FN:575,_RNvNtNtNtCs4RgcrqJDxGn_10haven_core8location5nostr5testss_25decrypt_rejects_wrong_key
FN:515,_RNvNtNtNtCs4RgcrqJDxGn_10haven_core8location5nostr5testss_25encrypt_decrypt_roundtrip
FN:529,_RNvNtNtNtCs4RgcrqJDxGn_10haven_core8location5nostr5testss_26decrypt_verifies_signature
FN:561,_RNvNtNtNtCs4RgcrqJDxGn_10haven_core8location5nostr5testss_27decrypt_rejects_wrong_group
FN:477,_RNvNtNtNtCs4RgcrqJDxGn_10haven_core8location5nostr5testss_27encrypt_creates_valid_event
FN:713,_RNvNtNtNtCs4RgcrqJDxGn_10haven_core8location5nostr5testss_28geohash_precision_clamps_max
FN:707,_RNvNtNtNtCs4RgcrqJDxGn_10haven_core8location5nostr5testss_28geohash_precision_clamps_min
FN:672,_RNvNtNtNtCs4RgcrqJDxGn_10haven_core8location5nostr5testss_29decrypt_rejects_empty_content
FN:544,_RNvNtNtNtCs4RgcrqJDxGn_10haven_core8location5nostr5testss_29decrypt_rejects_expired_event
FN:652,_RNvNtNtNtCs4RgcrqJDxGn_10haven_core8location5nostr5testss_29decrypt_rejects_missing_h_tag
FN:449,_RNvNtNtNtCs4RgcrqJDxGn_10haven_core8location5nostr5testss_29prepare_location_data_success
FN:431,_RNvNtNtNtCs4RgcrqJDxGn_10haven_core8location5nostr5testss_30event_builder_new_with_geohash
FN:695,_RNvNtNtNtCs4RgcrqJDxGn_10haven_core8location5nostr5testss_30geohash_precision_default_is_5
FN:634,_RNvNtNtNtCs4RgcrqJDxGn_10haven_core8location5nostr5testss_32decrypt_rejects_wrong_event_kind
FN:437,_RNvNtNtNtCs4RgcrqJDxGn_10haven_core8location5nostr5testss_33event_builder_new_without_geohash
FN:603,_RNvNtNtNtCs4RgcrqJDxGn_10haven_core8location5nostr5testss_35ephemeral_keys_are_unique_per_event
FN:443,_RNvNtNtNtCs4RgcrqJDxGn_10haven_core8location5nostr5testss_35event_builder_default_privacy_first
FN:492,_RNvNtNtNtCs4RgcrqJDxGn_10haven_core8location5nostr5testss_37encrypt_includes_geohash_when_enabled
FN:719,_RNvNtNtNtCs4RgcrqJDxGn_10haven_core8location5nostr5testss_37encrypt_uses_custom_geohash_precision
FN:504,_RNvNtNtNtCs4RgcrqJDxGn_10haven_core8location5nostr5testss_38encrypt_excludes_geohash_when_disabled
FN:766,_RNvNtNtNtCs4RgcrqJDxGn_10haven_core8location5nostr5testss_40encrypt_accepts_valid_geohash_characters
FN:744,_RNvNtNtNtCs4RgcrqJDxGn_10haven_core8location5nostr5testss_42encrypt_rejects_invalid_geohash_characters
FN:779,_RNvNtNtNtCs4RgcrqJDxGn_10haven_core8location5nostr5testss_42mls_group_context_securely_handles_secrets
FN:462,_RNvNtNtNtCs4RgcrqJDxGn_10haven_core8location5nostr5testss_45prepare_location_data_excludes_private_fields
FN:616,_RNvNtNtNtCs4RgcrqJDxGn_10haven_core8location5nostr5testss_47location_precision_preserved_through_encryption
FN:589,_RNvNtNtNtCs4RgcrqJDxGn_10haven_core8location5nostr5testss_49different_locations_produce_different_ciphertexts
FN:344,_RNCNvMNtNtCs4RgcrqJDxGn_10haven_core8location5nostrNtB4_20LocationEventBuilder7decrypt0B8_
FN:238,_RNCNvMNtNtCs4RgcrqJDxGn_10haven_core8location5nostrNtB4_20LocationEventBuilder7encrypt0B8_
FN:344,_RNCNvMNtNtCs4n3ZNZ4DVUd_10haven_core8location5nostrNtB4_20LocationEventBuilder7decrypt0B8_
FN:238,_RNCNvMNtNtCs4n3ZNZ4DVUd_10haven_core8location5nostrNtB4_20LocationEventBuilder7encrypt0B8_
FN:175,_RNvMNtNtCs4n3ZNZ4DVUd_10haven_core8location5nostrNtB2_20LocationEventBuilder17geohash_precision
FN:169,_RNvMNtNtCs4n3ZNZ4DVUd_10haven_core8location5nostrNtB2_20LocationEventBuilder20includes_geohash_tag
FN:409,_RNvMNtNtCs4n3ZNZ4DVUd_10haven_core8location5nostrNtB2_20LocationEventBuilder21prepare_location_data
FN:160,_RNvMNtNtCs4n3ZNZ4DVUd_10haven_core8location5nostrNtB2_20LocationEventBuilder22with_geohash_precision
FN:125,_RNvMNtNtCs4n3ZNZ4DVUd_10haven_core8location5nostrNtB2_20LocationEventBuilder3new
FN:325,_RNvMNtNtCs4n3ZNZ4DVUd_10haven_core8location5nostrNtB2_20LocationEventBuilder7decrypt
FN:215,_RNvMNtNtCs4n3ZNZ4DVUd_10haven_core8location5nostrNtB2_20LocationEventBuilder7encrypt
FN:415,_RNvXs_NtNtCs4n3ZNZ4DVUd_10haven_core8location5nostrNtB4_20LocationEventBuilderNtNtCs3XFJfFEDSOQ_4core7default7Default7default
FNDA:3,_RNCNCNvNtNtNtCs4RgcrqJDxGn_10haven_core8location5nostr5testss_29decrypt_rejects_missing_h_tag00Bb_
FNDA:3,_RNCNvNtNtNtCs4RgcrqJDxGn_10haven_core8location5nostr5testss_29decrypt_rejects_missing_h_tag0B9_
FNDA:4,_RNvMNtNtCs4RgcrqJDxGn_10haven_core8location5nostrNtB2_20LocationEventBuilder17geohash_precision
FNDA:3,_RNvMNtNtCs4RgcrqJDxGn_10haven_core8location5nostrNtB2_20LocationEventBuilder20includes_geohash_tag
FNDA:2,_RNvMNtNtCs4RgcrqJDxGn_10haven_core8location5nostrNtB2_20LocationEventBuilder21prepare_location_data
FNDA:5,_RNvMNtNtCs4RgcrqJDxGn_10haven_core8location5nostrNtB2_20LocationEventBuilder22with_geohash_precision
FNDA:22,_RNvMNtNtCs4RgcrqJDxGn_10haven_core8location5nostrNtB2_20LocationEventBuilder3new
FNDA:9,_RNvMNtNtCs4RgcrqJDxGn_10haven_core8location5nostrNtB2_20LocationEventBuilder7decrypt
FNDA:19,_RNvMNtNtCs4RgcrqJDxGn_10haven_core8location5nostrNtB2_20LocationEventBuilder7encrypt
FNDA:1,_RNvXs_NtNtCs4RgcrqJDxGn_10haven_core8location5nostrNtB4_20LocationEventBuilderNtNtCs3XFJfFEDSOQ_4core7default7Default7default
FNDA:18,_RNvNtNtNtCs4RgcrqJDxGn_10haven_core8location5nostr5tests10test_group
FNDA:1,_RNvNtNtNtCs4RgcrqJDxGn_10haven_core8location5nostr5testss_24encrypt_with_precision_6
FNDA:1,_RNvNtNtNtCs4RgcrqJDxGn_10haven_core8location5nostr5testss_24geohash_precision_custom
FNDA:1,_RNvNtNtNtCs4RgcrqJDxGn_10haven_core8location5nostr5testss_25decrypt_rejects_wrong_key
FNDA:1,_RNvNtNtNtCs4RgcrqJDxGn_10haven_core8location5nostr5testss_25encrypt_decrypt_roundtrip
FNDA:1,_RNvNtNtNtCs4RgcrqJDxGn_10haven_core8location5nostr5testss_26decrypt_verifies_signature
FNDA:1,_RNvNtNtNtCs4RgcrqJDxGn_10haven_core8location5nostr5testss_27decrypt_rejects_wrong_group
FNDA:1,_RNvNtNtNtCs4RgcrqJDxGn_10haven_core8location5nostr5testss_27encrypt_creates_valid_event
FNDA:1,_RNvNtNtNtCs4RgcrqJDxGn_10haven_core8location5nostr5testss_28geohash_precision_clamps_max
FNDA:1,_RNvNtNtNtCs4RgcrqJDxGn_10haven_core8location5nostr5testss_28geohash_precision_clamps_min
FNDA:1,_RNvNtNtNtCs4RgcrqJDxGn_10haven_core8location5nostr5testss_29decrypt_rejects_empty_content
FNDA:1,_RNvNtNtNtCs4RgcrqJDxGn_10haven_core8location5nostr5testss_29decrypt_rejects_expired_event
FNDA:1,_RNvNtNtNtCs4RgcrqJDxGn_10haven_core8location5nostr5testss_29decrypt_rejects_missing_h_tag
FNDA:1,_RNvNtNtNtCs4RgcrqJDxGn_10haven_core8location5nostr5testss_29prepare_location_data_success
FNDA:1,_RNvNtNtNtCs4RgcrqJDxGn_10haven_core8location5nostr5testss_30event_builder_new_with_geohash
FNDA:1,_RNvNtNtNtCs4RgcrqJDxGn_10haven_core8location5nostr5testss_30geohash_precision_default_is_5
FNDA:1,_RNvNtNtNtCs4RgcrqJDxGn_10haven_core8location5nostr5testss_32decrypt_rejects_wrong_event_kind
FNDA:1,_RNvNtNtNtCs4RgcrqJDxGn_10haven_core8location5nostr5testss_33event_builder_new_without_geohash
FNDA:1,_RNvNtNtNtCs4RgcrqJDxGn_10haven_core8location5nostr5testss_35ephemeral_keys_are_unique_per_event
FNDA:1,_RNvNtNtNtCs4RgcrqJDxGn_10haven_core8location5nostr5testss_35event_builder_default_privacy_first
FNDA:1,_RNvNtNtNtCs4RgcrqJDxGn_10haven_core8location5nostr5testss_37encrypt_includes_geohash_when_enabled
FNDA:1,_RNvNtNtNtCs4RgcrqJDxGn_10haven_core8location5nostr5testss_37encrypt_uses_custom_geohash_precision
FNDA:1,_RNvNtNtNtCs4RgcrqJDxGn_10haven_core8location5nostr5testss_38encrypt_excludes_geohash_when_disabled
FNDA:1,_RNvNtNtNtCs4RgcrqJDxGn_10haven_core8location5nostr5testss_40encrypt_accepts_valid_geohash_characters
FNDA:1,_RNvNtNtNtCs4RgcrqJDxGn_10haven_core8location5nostr5testss_42encrypt_rejects_invalid_geohash_characters
FNDA:1,_RNvNtNtNtCs4RgcrqJDxGn_10haven_core8location5nostr5testss_42mls_group_context_securely_handles_secrets
FNDA:1,_RNvNtNtNtCs4RgcrqJDxGn_10haven_core8location5nostr5testss_45prepare_location_data_excludes_private_fields
FNDA:1,_RNvNtNtNtCs4RgcrqJDxGn_10haven_core8location5nostr5testss_47location_precision_preserved_through_encryption
FNDA:1,_RNvNtNtNtCs4RgcrqJDxGn_10haven_core8location5nostr5testss_49different_locations_produce_different_ciphertexts
FNDA:1,_RNCNvMNtNtCs4RgcrqJDxGn_10haven_core8location5nostrNtB4_20LocationEventBuilder7decrypt0B8_
FNDA:33,_RNCNvMNtNtCs4RgcrqJDxGn_10haven_core8location5nostrNtB4_20LocationEventBuilder7encrypt0B8_
FNDA:0,_RNCNvMNtNtCs4n3ZNZ4DVUd_10haven_core8location5nostrNtB4_20LocationEventBuilder7decrypt0B8_
FNDA:10240,_RNCNvMNtNtCs4n3ZNZ4DVUd_10haven_core8location5nostrNtB4_20LocationEventBuilder7encrypt0B8_
FNDA:0,_RNvMNtNtCs4n3ZNZ4DVUd_10haven_core8location5nostrNtB2_20LocationEventBuilder17geohash_precision
FNDA:0,_RNvMNtNtCs4n3ZNZ4DVUd_10haven_core8location5nostrNtB2_20LocationEventBuilder20includes_geohash_tag
FNDA:0,_RNvMNtNtCs4n3ZNZ4DVUd_10haven_core8location5nostrNtB2_20LocationEventBuilder21prepare_location_data
FNDA:1280,_RNvMNtNtCs4n3ZNZ4DVUd_10haven_core8location5nostrNtB2_20LocationEventBuilder22with_geohash_precision
FNDA:1780,_RNvMNtNtCs4n3ZNZ4DVUd_10haven_core8location5nostrNtB2_20LocationEventBuilder3new
FNDA:1936,_RNvMNtNtCs4n3ZNZ4DVUd_10haven_core8location5nostrNtB2_20LocationEventBuilder7decrypt
FNDA:4740,_RNvMNtNtCs4n3ZNZ4DVUd_10haven_core8location5nostrNtB2_20LocationEventBuilder7encrypt
FNDA:0,_RNvXs_NtNtCs4n3ZNZ4DVUd_10haven_core8location5nostrNtB4_20LocationEventBuilderNtNtCs3XFJfFEDSOQ_4core7default7Default7default
FNF:41
FNH:41
DA:125,1802
DA:126,1802
DA:127,1802
DA:128,1802
DA:129,1802
DA:130,1802
DA:160,1285
DA:161,1285
DA:162,1285
DA:163,1285
DA:164,1285
DA:165,1285
DA:169,3
DA:170,3
DA:171,3
DA:175,4
DA:176,4
DA:177,4
DA:215,4759
DA:216,4759
DA:217,4759
DA:218,4759
DA:219,4759
DA:221,4759
DA:224,4759
DA:225,4759
DA:226,4759
DA:229,4759
DA:232,4759
DA:233,1285
DA:238,10273
DA:239,10273
DA:240,7049
DA:241,1
DA:242,10273
DA:243,1
DA:244,1
DA:245,1
DA:246,1284
DA:248,1284
DA:249,1284
DA:251,3474
DA:255,4758
DA:256,4758
DA:257,4758
DA:258,4758
DA:259,4758
DA:260,4758
DA:262,4759
DA:325,1945
DA:326,1945
DA:327,1945
DA:328,1945
DA:329,1945
DA:331,1945
DA:332,1
DA:333,1
DA:334,1
DA:335,1
DA:336,1944
DA:342,1944
DA:343,1944
DA:344,1944
DA:346,1943
DA:347,1
DA:348,1
DA:349,1
DA:350,1
DA:351,1942
DA:354,1942
DA:355,1
DA:356,1941
DA:360,1941
DA:363,1940
DA:364,1940
DA:367,1938
DA:370,1938
DA:371,0
DA:372,0
DA:373,0
DA:374,0
DA:375,1938
DA:378,1938
DA:379,1945
DA:409,2
DA:410,2
DA:411,2
DA:415,1
DA:416,1
DA:417,1
DA:424,18
DA:425,18
DA:426,18
DA:427,18
DA:428,18
DA:431,1
DA:432,1
DA:433,1
DA:434,1
DA:437,1
DA:438,1
DA:439,1
DA:440,1
DA:443,1
DA:444,1
DA:445,1
DA:446,1
DA:449,1
DA:450,1
DA:451,1
DA:453,1
DA:455,1
DA:456,1
DA:457,1
DA:458,1
DA:459,1
DA:462,1
DA:463,1
DA:464,1
DA:465,1
DA:467,1
DA:468,1
DA:471,1
DA:472,1
DA:473,1
DA:474,1
DA:477,1
DA:478,1
DA:479,1
DA:480,1
DA:482,1
DA:484,1
DA:485,1
DA:486,1
DA:487,1
DA:488,1
DA:489,1
DA:492,1
DA:493,1
DA:494,1
DA:495,1
DA:497,1
DA:499,1
DA:500,1
DA:501,1
DA:504,1
DA:505,1
DA:506,1
DA:507,1
DA:509,1
DA:511,1
DA:512,1
DA:515,1
DA:516,1
DA:517,1
DA:518,1
DA:520,1
DA:521,1
DA:523,1
DA:524,1
DA:525,1
DA:526,1
DA:529,1
DA:530,1
DA:531,1
DA:532,1
DA:534,1
DA:537,1
DA:539,1
DA:540,1
DA:541,1
DA:544,1
DA:547,1
DA:549,1
DA:551,1
DA:552,1
DA:554,1
DA:555,1
DA:557,1
DA:558,1
DA:561,1
DA:562,1
DA:563,1
DA:565,1
DA:566,1
DA:568,1
DA:569,1
DA:571,1
DA:572,1
DA:575,1
DA:576,1
DA:577,1
DA:579,1
DA:580,1
DA:582,1
DA:583,1
DA:585,1
DA:586,1
DA:589,1
DA:590,1
DA:591,1
DA:593,1
DA:594,1
DA:596,1
DA:597,1
DA:599,1
DA:600,1
DA:603,1
DA:604,1
DA:605,1
DA:606,1
DA:608,1
DA:609,1
DA:612,1
DA:613,1
DA:616,1
DA:619,1
DA:620,1
DA:622,1
DA:623,1
DA:625,1
DA:626,1
DA:628,1
DA:629,1
DA:630,1
DA:631,1
DA:634,1
DA:635,1
DA:636,1
DA:637,1
DA:639,1
DA:642,1
DA:644,1
DA:645,1
DA:646,1
DA:647,1
DA:648,0
DA:649,1
DA:652,1
DA:653,1
DA:654,1
DA:655,1
DA:657,1
DA:660,1
DA:661,1
DA:662,3
DA:667,1
DA:668,1
DA:669,1
DA:672,1
DA:676,1
DA:677,1
DA:678,1
DA:681,1
DA:682,1
DA:683,1
DA:684,1
DA:685,1
DA:686,1
DA:688,1
DA:690,1
DA:691,1
DA:692,1
DA:695,1
DA:696,1
DA:697,1
DA:698,1
DA:701,1
DA:702,1
DA:703,1
DA:704,1
DA:707,1
DA:708,1
DA:709,1
DA:710,1
DA:713,1
DA:714,1
DA:715,1
DA:716,1
DA:719,1
DA:720,1
DA:722,1
DA:723,1
DA:725,1
DA:726,1
DA:728,1
DA:729,1
DA:732,1
DA:733,1
DA:734,1
DA:735,1
DA:737,1
DA:738,1
DA:740,1
DA:741,1
DA:744,1
DA:747,1
DA:748,1
DA:750,1
DA:751,1
DA:753,1
DA:754,1
DA:755,1
DA:756,1
DA:757,1
DA:758,0
DA:761,0
DA:763,1
DA:766,1
DA:768,1
DA:769,1
DA:771,1
DA:772,1
DA:774,1
DA:775,1
DA:776,1
DA:779,1
DA:785,1
DA:786,1
DA:789,1
DA:790,1
DA:793,1
DA:794,1
BRF:0
BRH:0
LF:327
LH:320
end_of_record
SF:/home/efe/Repositories/Haven-App/haven-core/src/location/privacy.rs
FN:234,_RNvNtNtNtCs4RgcrqJDxGn_10haven_core8location7privacy5testss_17geohash_roundtrip
FN:215,_RNvNtNtNtCs4RgcrqJDxGn_10haven_core8location7privacy5testss_19geohash_precision_8
FN:324,_RNvNtNtNtCs4RgcrqJDxGn_10haven_core8location7privacy5testss_21obfuscate_handles_nan
FN:221,_RNvNtNtNtCs4RgcrqJDxGn_10haven_core8location7privacy5testss_23geohash_decode_accuracy
FN:194,_RNvNtNtNtCs4RgcrqJDxGn_10haven_core8location7privacy5testss_23obfuscate_to_2_decimals
FN:184,_RNvNtNtNtCs4RgcrqJDxGn_10haven_core8location7privacy5testss_23obfuscate_to_4_decimals
FN:201,_RNvNtNtNtCs4RgcrqJDxGn_10haven_core8location7privacy5testss_23obfuscate_to_5_decimals
FN:292,_RNvNtNtNtCs4RgcrqJDxGn_10haven_core8location7privacy5testss_24obfuscate_maintains_sign
FN:271,_RNvNtNtNtCs4RgcrqJDxGn_10haven_core8location7privacy5testss_25obfuscate_zero_coordinate
FN:277,_RNvNtNtNtCs4RgcrqJDxGn_10haven_core8location7privacy5testss_26geohash_handles_edge_cases
FN:330,_RNvNtNtNtCs4RgcrqJDxGn_10haven_core8location7privacy5testss_26obfuscate_handles_infinity
FN:264,_RNvNtNtNtCs4RgcrqJDxGn_10haven_core8location7privacy5testss_27geohash_error_radius_values
FN:249,_RNvNtNtNtCs4RgcrqJDxGn_10haven_core8location7privacy5testss_28geohash_different_precisions
FN:208,_RNvNtNtNtCs4RgcrqJDxGn_10haven_core8location7privacy5testss_28obfuscate_negative_longitude
FN:336,_RNvNtNtNtCs4RgcrqJDxGn_10haven_core8location7privacy5testss_30obfuscate_handles_neg_infinity
FN:300,_RNvNtNtNtCs4RgcrqJDxGn_10haven_core8location7privacy5testss_37geohash_nearby_locations_share_prefix
FN:140,_RNCNvNtNtCs4RgcrqJDxGn_10haven_core8location7privacy19geohash_to_location0B7_
FN:95,_RNCNvNtNtCs4RgcrqJDxGn_10haven_core8location7privacy19location_to_geohash0B7_
FN:315,_RNCNvNtNtNtCs4RgcrqJDxGn_10haven_core8location7privacy5testss_37geohash_nearby_locations_share_prefix0B9_
FN:138,_RNvNtNtCs4RgcrqJDxGn_10haven_core8location7privacy19geohash_to_location
FN:93,_RNvNtNtCs4RgcrqJDxGn_10haven_core8location7privacy19location_to_geohash
FN:162,_RNvNtNtCs4RgcrqJDxGn_10haven_core8location7privacy20geohash_error_radius
FN:38,_RNvNtNtCs4RgcrqJDxGn_10haven_core8location7privacy20obfuscate_coordinate
FN:140,_RNCNvNtNtCs4n3ZNZ4DVUd_10haven_core8location7privacy19geohash_to_location0B7_
FN:95,_RNCNvNtNtCs4n3ZNZ4DVUd_10haven_core8location7privacy19location_to_geohash0B7_
FN:138,_RNvNtNtCs4n3ZNZ4DVUd_10haven_core8location7privacy19geohash_to_location
FN:93,_RNvNtNtCs4n3ZNZ4DVUd_10haven_core8location7privacy19location_to_geohash
FN:162,_RNvNtNtCs4n3ZNZ4DVUd_10haven_core8location7privacy20geohash_error_radius
FN:38,_RNvNtNtCs4n3ZNZ4DVUd_10haven_core8location7privacy20obfuscate_coordinate
FNDA:1,_RNvNtNtNtCs4RgcrqJDxGn_10haven_core8location7privacy5testss_17geohash_roundtrip
FNDA:1,_RNvNtNtNtCs4RgcrqJDxGn_10haven_core8location7privacy5testss_19geohash_precision_8
FNDA:1,_RNvNtNtNtCs4RgcrqJDxGn_10haven_core8location7privacy5testss_21obfuscate_handles_nan
FNDA:1,_RNvNtNtNtCs4RgcrqJDxGn_10haven_core8location7privacy5testss_23geohash_decode_accuracy
FNDA:1,_RNvNtNtNtCs4RgcrqJDxGn_10haven_core8location7privacy5testss_23obfuscate_to_2_decimals
FNDA:1,_RNvNtNtNtCs4RgcrqJDxGn_10haven_core8location7privacy5testss_23obfuscate_to_4_decimals
FNDA:1,_RNvNtNtNtCs4RgcrqJDxGn_10haven_core8location7privacy5testss_23obfuscate_to_5_decimals
FNDA:1,_RNvNtNtNtCs4RgcrqJDxGn_10haven_core8location7privacy5testss_24obfuscate_maintains_sign
FNDA:1,_RNvNtNtNtCs4RgcrqJDxGn_10haven_core8location7privacy5testss_25obfuscate_zero_coordinate
FNDA:1,_RNvNtNtNtCs4RgcrqJDxGn_10haven_core8location7privacy5testss_26geohash_handles_edge_cases
FNDA:1,_RNvNtNtNtCs4RgcrqJDxGn_10haven_core8location7privacy5testss_26obfuscate_handles_infinity
FNDA:1,_RNvNtNtNtCs4RgcrqJDxGn_10haven_core8location7privacy5testss_27geohash_error_radius_values
FNDA:1,_RNvNtNtNtCs4RgcrqJDxGn_10haven_core8location7privacy5testss_28geohash_different_precisions
FNDA:1,_RNvNtNtNtCs4RgcrqJDxGn_10haven_core8location7privacy5testss_28obfuscate_negative_longitude
FNDA:1,_RNvNtNtNtCs4RgcrqJDxGn_10haven_core8location7privacy5testss_30obfuscate_handles_neg_infinity
FNDA:1,_RNvNtNtNtCs4RgcrqJDxGn_10haven_core8location7privacy5testss_37geohash_nearby_locations_share_prefix
FNDA:2,_RNCNvNtNtCs4RgcrqJDxGn_10haven_core8location7privacy19geohash_to_location0B7_
FNDA:0,_RNCNvNtNtCs4RgcrqJDxGn_10haven_core8location7privacy19location_to_geohash0B7_
FNDA:7,_RNCNvNtNtNtCs4RgcrqJDxGn_10haven_core8location7privacy5testss_37geohash_nearby_locations_share_prefix0B9_
FNDA:2,_RNvNtNtCs4RgcrqJDxGn_10haven_core8location7privacy19geohash_to_location
FNDA:56,_RNvNtNtCs4RgcrqJDxGn_10haven_core8location7privacy19location_to_geohash
FNDA:3,_RNvNtNtCs4RgcrqJDxGn_10haven_core8location7privacy20geohash_error_radius
FNDA:99,_RNvNtNtCs4RgcrqJDxGn_10haven_core8location7privacy20obfuscate_coordinate
FNDA:0,_RNCNvNtNtCs4n3ZNZ4DVUd_10haven_core8location7privacy19geohash_to_location0B7_
FNDA:0,_RNCNvNtNtCs4n3ZNZ4DVUd_10haven_core8location7privacy19location_to_geohash0B7_
FNDA:0,_RNvNtNtCs4n3ZNZ4DVUd_10haven_core8location7privacy19geohash_to_location
FNDA:4028,_RNvNtNtCs4n3ZNZ4DVUd_10haven_core8location7privacy19location_to_geohash
FNDA:0,_RNvNtNtCs4n3ZNZ4DVUd_10haven_core8location7privacy20geohash_error_radius
FNDA:8056,_RNvNtNtCs4n3ZNZ4DVUd_10haven_core8location7privacy20obfuscate_coordinate
FNF:23
FNH:22
DA:38,8155
DA:41,8155
DA:43,3
DA:44,8152
DA:46,8152
DA:47,8152
DA:48,8152
DA:49,8155
DA:93,4084
DA:94,4084
DA:95,4084
DA:96,4084
DA:138,2
DA:139,2
DA:140,2
DA:141,2
DA:142,2
DA:162,3
DA:164,3
DA:165,0
DA:166,0
DA:167,0
DA:168,0
DA:169,1
DA:170,0
DA:171,1
DA:172,1
DA:173,0
DA:174,0
DA:175,0
DA:177,3
DA:184,1
DA:185,1
DA:186,1
DA:187,1
DA:190,1
DA:191,1
DA:194,1
DA:195,1
DA:196,1
DA:197,1
DA:198,1
DA:201,1
DA:202,1
DA:203,1
DA:204,1
DA:205,1
DA:208,1
DA:209,1
DA:210,1
DA:211,1
DA:212,1
DA:215,1
DA:216,1
DA:217,1
DA:218,1
DA:221,1
DA:222,1
DA:223,1
DA:225,1
DA:226,1
DA:229,1
DA:230,1
DA:231,1
DA:234,1
DA:235,1
DA:236,1
DA:238,1
DA:239,1
DA:242,1
DA:245,1
DA:246,1
DA:249,1
DA:250,1
DA:251,1
DA:253,1
DA:254,1
DA:256,1
DA:257,1
DA:260,1
DA:261,1
DA:264,1
DA:265,1
DA:266,1
DA:267,1
DA:268,1
DA:271,1
DA:272,1
DA:273,1
DA:274,1
DA:277,1
DA:279,1
DA:280,1
DA:283,1
DA:284,1
DA:287,1
DA:288,1
DA:289,1
DA:292,1
DA:293,1
DA:294,1
DA:295,1
DA:296,1
DA:297,1
DA:300,1
DA:301,1
DA:302,1
DA:305,1
DA:306,1
DA:308,1
DA:309,1
DA:312,1
DA:313,1
DA:314,1
DA:315,7
DA:316,1
DA:318,1
DA:319,1
DA:324,1
DA:325,1
DA:326,1
DA:327,1
DA:330,1
DA:331,1
DA:332,1
DA:333,1
DA:336,1
DA:337,1
DA:338,1
DA:339,1
BRF:0
BRH:0
LF:133
LH:124
end_of_record
SF:/home/efe/Repositories/Haven-App/haven-core/src/location/types.rs
FN:32,_RNvMNtNtCs4RgcrqJDxGn_10haven_core8location5typesNtB2_17LocationPrecision14decimal_places
FN:202,_RNvMs_NtNtCs4RgcrqJDxGn_10haven_core8location5typesNtB4_15LocationMessage10is_expired
FN:155,_RNvMs_NtNtCs4RgcrqJDxGn_10haven_core8location5typesNtB4_15LocationMessage14with_precision
FN:130,_RNvMs_NtNtCs4RgcrqJDxGn_10haven_core8location5typesNtB4_15LocationMessage3new
FN:222,_RNvMs_NtNtCs4RgcrqJDxGn_10haven_core8location5typesNtB4_15LocationMessage7to_json
FN:211,_RNvMs_NtNtCs4RgcrqJDxGn_10haven_core8location5typesNtB4_15LocationMessage9from_json
FN:252,_RNvXs0_NtNtCs4RgcrqJDxGn_10haven_core8location5typesNtB5_16LocationSettingsNtNtCs3XFJfFEDSOQ_4core7default7Default7default
FN:361,_RNvNtNtNtCs4RgcrqJDxGn_10haven_core8location5types5testss_31location_message_roundtrip_json
FN:373,_RNvNtNtNtCs4RgcrqJDxGn_10haven_core8location5types5testss_32location_settings_default_values
FN:266,_RNvNtNtNtCs4RgcrqJDxGn_10haven_core8location5types5testss_33location_precision_decimal_places
FN:384,_RNvNtNtNtCs4RgcrqJDxGn_10haven_core8location5types5testss_37location_message_rejects_nan_latitude
FN:391,_RNvNtNtNtCs4RgcrqJDxGn_10haven_core8location5types5testss_38location_message_rejects_nan_longitude
FN:273,_RNvNtNtNtCs4RgcrqJDxGn_10haven_core8location5types5testss_38location_precision_default_is_enhanced
FN:288,_RNvNtNtNtCs4RgcrqJDxGn_10haven_core8location5types5testss_39location_message_with_precision_private
FN:301,_RNvNtNtNtCs4RgcrqJDxGn_10haven_core8location5types5testss_40location_message_with_precision_enhanced
FN:425,_RNvNtNtNtCs4RgcrqJDxGn_10haven_core8location5types5testss_41location_message_accepts_valid_boundaries
FN:314,_RNvNtNtNtCs4RgcrqJDxGn_10haven_core8location5types5testss_41location_message_geohash_has_8_characters
FN:320,_RNvNtNtNtCs4RgcrqJDxGn_10haven_core8location5types5testss_41location_message_not_expired_when_created
FN:398,_RNvNtNtNtCs4RgcrqJDxGn_10haven_core8location5types5testss_42location_message_rejects_infinity_latitude
FN:334,_RNvNtNtNtCs4RgcrqJDxGn_10haven_core8location5types5testss_45location_message_json_excludes_private_fields
FN:405,_RNvNtNtNtCs4RgcrqJDxGn_10haven_core8location5types5testss_46location_message_rejects_out_of_range_latitude
FN:415,_RNvNtNtNtCs4RgcrqJDxGn_10haven_core8location5types5testss_47location_message_rejects_out_of_range_longitude
FN:326,_RNvNtNtNtCs4RgcrqJDxGn_10haven_core8location5types5testss_48location_message_is_expired_when_past_expiration
FN:278,_RNvNtNtNtCs4RgcrqJDxGn_10haven_core8location5types5testss_53location_message_new_obfuscates_to_enhanced_precision
FN:32,_RNvMNtNtCs4n3ZNZ4DVUd_10haven_core8location5typesNtB2_17LocationPrecision14decimal_places
FN:202,_RNvMs_NtNtCs4n3ZNZ4DVUd_10haven_core8location5typesNtB4_15LocationMessage10is_expired
FN:155,_RNvMs_NtNtCs4n3ZNZ4DVUd_10haven_core8location5typesNtB4_15LocationMessage14with_precision
FN:130,_RNvMs_NtNtCs4n3ZNZ4DVUd_10haven_core8location5typesNtB4_15LocationMessage3new
FN:222,_RNvMs_NtNtCs4n3ZNZ4DVUd_10haven_core8location5typesNtB4_15LocationMessage7to_json
FN:211,_RNvMs_NtNtCs4n3ZNZ4DVUd_10haven_core8location5typesNtB4_15LocationMessage9from_json
FN:252,_RNvXs0_NtNtCs4n3ZNZ4DVUd_10haven_core8location5typesNtB5_16LocationSettingsNtNtCs3XFJfFEDSOQ_4core7default7Default7default
FNDA:99,_RNvMNtNtCs4RgcrqJDxGn_10haven_core8location5typesNtB2_17LocationPrecision14decimal_places
FNDA:2,_RNvMs_NtNtCs4RgcrqJDxGn_10haven_core8location5typesNtB4_15LocationMessage10is_expired
FNDA:45,_RNvMs_NtNtCs4RgcrqJDxGn_10haven_core8location5typesNtB4_15LocationMessage14with_precision
FNDA:39,_RNvMs_NtNtCs4RgcrqJDxGn_10haven_core8location5typesNtB4_15LocationMessage3new
FNDA:26,_RNvMs_NtNtCs4RgcrqJDxGn_10haven_core8location5typesNtB4_15LocationMessage7to_json
FNDA:4,_RNvMs_NtNtCs4RgcrqJDxGn_10haven_core8location5typesNtB4_15LocationMessage9from_json
FNDA:11,_RNvXs0_NtNtCs4RgcrqJDxGn_10haven_core8location5typesNtB5_16LocationSettingsNtNtCs3XFJfFEDSOQ_4core7default7Default7default
FNDA:1,_RNvNtNtNtCs4RgcrqJDxGn_10haven_core8location5types5testss_31location_message_roundtrip_json
FNDA:1,_RNvNtNtNtCs4RgcrqJDxGn_10haven_core8location5types5testss_32location_settings_default_values
FNDA:1,_RNvNtNtNtCs4RgcrqJDxGn_10haven_core8location5types5testss_33location_precision_decimal_places
FNDA:1,_RNvNtNtNtCs4RgcrqJDxGn_10haven_core8location5types5testss_37location_message_rejects_nan_latitude
FNDA:1,_RNvNtNtNtCs4RgcrqJDxGn_10haven_core8location5types5testss_38location_message_rejects_nan_longitude
FNDA:1,_RNvNtNtNtCs4RgcrqJDxGn_10haven_core8location5types5testss_38location_precision_default_is_enhanced
FNDA:1,_RNvNtNtNtCs4RgcrqJDxGn_10haven_core8location5types5testss_39location_message_with_precision_private
FNDA:1,_RNvNtNtNtCs4RgcrqJDxGn_10haven_core8location5types5testss_40location_message_with_precision_enhanced
FNDA:1,_RNvNtNtNtCs4RgcrqJDxGn_10haven_core8location5types5testss_41location_message_accepts_valid_boundaries
FNDA:1,_RNvNtNtNtCs4RgcrqJDxGn_10haven_core8location5types5testss_41location_message_geohash_has_8_characters
FNDA:1,_RNvNtNtNtCs4RgcrqJDxGn_10haven_core8location5types5testss_41location_message_not_expired_when_created
FNDA:1,_RNvNtNtNtCs4RgcrqJDxGn_10haven_core8location5types5testss_42location_message_rejects_infinity_latitude
FNDA:1,_RNvNtNtNtCs4RgcrqJDxGn_10haven_core8location5types5testss_45location_message_json_excludes_private_fields
FNDA:1,_RNvNtNtNtCs4RgcrqJDxGn_10haven_core8location5types5testss_46location_message_rejects_out_of_range_latitude
FNDA:1,_RNvNtNtNtCs4RgcrqJDxGn_10haven_core8location5types5testss_47location_message_rejects_out_of_range_longitude
FNDA:1,_RNvNtNtNtCs4RgcrqJDxGn_10haven_core8location5types5testss_48location_message_is_expired_when_past_expiration
FNDA:1,_RNvNtNtNtCs4RgcrqJDxGn_10haven_core8location5types5testss_53location_message_new_obfuscates_to_enhanced_precision
FNDA:8056,_RNvMNtNtCs4n3ZNZ4DVUd_10haven_core8location5typesNtB2_17LocationPrecision14decimal_places
FNDA:0,_RNvMs_NtNtCs4n3ZNZ4DVUd_10haven_core8location5typesNtB4_15LocationMessage10is_expired
FNDA:4028,_RNvMs_NtNtCs4n3ZNZ4DVUd_10haven_core8location5typesNtB4_15LocationMessage14with_precision
FNDA:4028,_RNvMs_NtNtCs4n3ZNZ4DVUd_10haven_core8location5typesNtB4_15LocationMessage3new
FNDA:4740,_RNvMs_NtNtCs4n3ZNZ4DVUd_10haven_core8location5typesNtB4_15LocationMessage7to_json
FNDA:1936,_RNvMs_NtNtCs4n3ZNZ4DVUd_10haven_core8location5typesNtB4_15LocationMessage9from_json
FNDA:0,_RNvXs0_NtNtCs4n3ZNZ4DVUd_10haven_core8location5typesNtB5_16LocationSettingsNtNtCs3XFJfFEDSOQ_4core7default7Default7default
FNF:24
FNH:24
DA:32,8155
DA:33,8155
DA:34,6
DA:35,5
DA:36,8144
DA:38,8155
DA:130,4067
DA:131,4067
DA:132,4067
DA:155,4073
DA:161,4073
DA:162,4069
DA:164,4
DA:167,4073
DA:168,4070
DA:170,3
DA:173,4073
DA:174,4073
DA:176,4073
DA:177,4073
DA:178,4073
DA:179,4073
DA:180,4073
DA:181,4073
DA:182,4073
DA:183,4073
DA:184,4073
DA:185,4073
DA:186,4073
DA:187,4073
DA:188,4073
DA:189,4073
DA:202,2
DA:203,2
DA:204,2
DA:211,1940
DA:212,1940
DA:213,1940
DA:222,4766
DA:223,4766
DA:224,4766
DA:252,11
DA:253,11
DA:254,11
DA:255,11
DA:256,11
DA:257,11
DA:258,11
DA:266,1
DA:267,1
DA:268,1
DA:269,1
DA:270,1
DA:273,1
DA:274,1
DA:275,1
DA:278,1
DA:279,1
DA:282,1
DA:283,1
DA:284,1
DA:285,1
DA:288,1
DA:289,1
DA:292,1
DA:296,1
DA:297,1
DA:298,1
DA:301,1
DA:302,1
DA:305,1
DA:309,1
DA:310,1
DA:311,1
DA:314,1
DA:315,1
DA:316,1
DA:317,1
DA:320,1
DA:321,1
DA:322,1
DA:323,1
DA:326,1
DA:327,1
DA:329,1
DA:330,1
DA:331,1
DA:334,1
DA:335,1
DA:336,1
DA:337,1
DA:338,1
DA:339,1
DA:340,1
DA:342,1
DA:345,1
DA:346,1
DA:347,1
DA:348,1
DA:349,1
DA:350,1
DA:353,1
DA:354,1
DA:355,1
DA:356,1
DA:357,1
DA:358,1
DA:361,1
DA:362,1
DA:363,1
DA:364,1
DA:366,1
DA:367,1
DA:368,1
DA:369,1
DA:370,1
DA:373,1
DA:374,1
DA:376,1
DA:377,1
DA:378,1
DA:379,1
DA:384,1
DA:385,1
DA:387,1
DA:388,1
DA:391,1
DA:392,1
DA:394,1
DA:395,1
DA:398,1
DA:399,1
DA:401,1
DA:402,1
DA:405,1
DA:407,1
DA:408,1
DA:410,1
DA:411,1
DA:412,1
DA:415,1
DA:417,1
DA:418,1
DA:420,1
DA:421,1
DA:422,1
DA:425,1
DA:427,1
DA:428,1
DA:430,1
DA:431,1
DA:433,1
DA:434,1
DA:436,1
DA:437,1
DA:438,1
BRF:0
BRH:0
LF:156
LH:156
end_of_record
SF:/home/efe/Repositories/Haven-App/haven-core/src/nostr/encryption/mod.rs
FN:65,_RNvNtNtNtCs4RgcrqJDxGn_10haven_core5nostr10encryption5tests8test_key
FN:134,_RNvNtNtNtCs4RgcrqJDxGn_10haven_core5nostr10encryption5testss_20encrypt_json_content
FN:123,_RNvNtNtNtCs4RgcrqJDxGn_10haven_core5nostr10encryption5testss_20encrypt_long_message
FN:153,_RNvNtNtNtCs4RgcrqJDxGn_10haven_core5nostr10encryption5testss_23encrypt_unicode_content
FN:164,_RNvNtNtNtCs4RgcrqJDxGn_10haven_core5nostr10encryption5testss_24encrypt_single_character
FN:74,_RNvNtNtNtCs4RgcrqJDxGn_10haven_core5nostr10encryption5testss_25encrypt_decrypt_roundtrip
FN:113,_RNvNtNtNtCs4RgcrqJDxGn_10haven_core5nostr10encryption5testss_26encrypt_empty_string_fails
FN:101,_RNvNtNtNtCs4RgcrqJDxGn_10haven_core5nostr10encryption5testss_28decrypt_with_wrong_key_fails
FN:145,_RNvNtNtNtCs4RgcrqJDxGn_10haven_core5nostr10encryption5testss_32decrypt_invalid_ciphertext_fails
FN:187,_RNvNtNtNtCs4RgcrqJDxGn_10haven_core5nostr10encryption5testss_34decrypt_corrupted_ciphertext_fails
FN:175,_RNvNtNtNtCs4RgcrqJDxGn_10haven_core5nostr10encryption5testss_34decrypt_truncated_ciphertext_fails
FN:85,_RNvNtNtNtCs4RgcrqJDxGn_10haven_core5nostr10encryption5testss_47encrypt_produces_different_ciphertext_each_time
FN:50,_RNCNvNtNtCs4RgcrqJDxGn_10haven_core5nostr10encryption13decrypt_nip440B7_
FN:58,_RNCNvNtNtCs4RgcrqJDxGn_10haven_core5nostr10encryption13decrypt_nip44s0_0B7_
FN:54,_RNCNvNtNtCs4RgcrqJDxGn_10haven_core5nostr10encryption13decrypt_nip44s_0B7_
FN:23,_RNCNvNtNtCs4RgcrqJDxGn_10haven_core5nostr10encryption13encrypt_nip440B7_
FN:42,_RNvNtNtCs4RgcrqJDxGn_10haven_core5nostr10encryption13decrypt_nip44
FN:20,_RNvNtNtCs4RgcrqJDxGn_10haven_core5nostr10encryption13encrypt_nip44
FN:42,_RNvNtNtCs4n3ZNZ4DVUd_10haven_core5nostr10encryption13decrypt_nip44
FN:20,_RNvNtNtCs4n3ZNZ4DVUd_10haven_core5nostr10encryption13encrypt_nip44
FN:50,_RNCNvNtNtCs4n3ZNZ4DVUd_10haven_core5nostr10encryption13decrypt_nip440B7_
FN:58,_RNCNvNtNtCs4n3ZNZ4DVUd_10haven_core5nostr10encryption13decrypt_nip44s0_0B7_
FN:54,_RNCNvNtNtCs4n3ZNZ4DVUd_10haven_core5nostr10encryption13decrypt_nip44s_0B7_
FN:23,_RNCNvNtNtCs4n3ZNZ4DVUd_10haven_core5nostr10encryption13encrypt_nip440B7_
FNDA:12,_RNvNtNtNtCs4RgcrqJDxGn_10haven_core5nostr10encryption5tests8test_key
FNDA:1,_RNvNtNtNtCs4RgcrqJDxGn_10haven_core5nostr10encryption5testss_20encrypt_json_content
FNDA:1,_RNvNtNtNtCs4RgcrqJDxGn_10haven_core5nostr10encryption5testss_20encrypt_long_message
FNDA:1,_RNvNtNtNtCs4RgcrqJDxGn_10haven_core5nostr10encryption5testss_23encrypt_unicode_content
FNDA:1,_RNvNtNtNtCs4RgcrqJDxGn_10haven_core5nostr10encryption5testss_24encrypt_single_character
FNDA:1,_RNvNtNtNtCs4RgcrqJDxGn_10haven_core5nostr10encryption5testss_25encrypt_decrypt_roundtrip
FNDA:1,_RNvNtNtNtCs4RgcrqJDxGn_10haven_core5nostr10encryption5testss_26encrypt_empty_string_fails
FNDA:1,_RNvNtNtNtCs4RgcrqJDxGn_10haven_core5nostr10encryption5testss_28decrypt_with_wrong_key_fails
FNDA:1,_RNvNtNtNtCs4RgcrqJDxGn_10haven_core5nostr10encryption5testss_32decrypt_invalid_ciphertext_fails
FNDA:1,_RNvNtNtNtCs4RgcrqJDxGn_10haven_core5nostr10encryption5testss_34decrypt_corrupted_ciphertext_fails
FNDA:1,_RNvNtNtNtCs4RgcrqJDxGn_10haven_core5nostr10encryption5testss_34decrypt_truncated_ciphertext_fails
FNDA:1,_RNvNtNtNtCs4RgcrqJDxGn_10haven_core5nostr10encryption5testss_47encrypt_produces_different_ciphertext_each_time
FNDA:2,_RNCNvNtNtCs4RgcrqJDxGn_10haven_core5nostr10encryption13decrypt_nip440B7_
FNDA:0,_RNCNvNtNtCs4RgcrqJDxGn_10haven_core5nostr10encryption13decrypt_nip44s0_0B7_
FNDA:4,_RNCNvNtNtCs4RgcrqJDxGn_10haven_core5nostr10encryption13decrypt_nip44s_0B7_
FNDA:1,_RNCNvNtNtCs4RgcrqJDxGn_10haven_core5nostr10encryption13encrypt_nip440B7_
FNDA:15,_RNvNtNtCs4RgcrqJDxGn_10haven_core5nostr10encryption13decrypt_nip44
FNDA:30,_RNvNtNtCs4RgcrqJDxGn_10haven_core5nostr10encryption13encrypt_nip44
FNDA:2854,_RNvNtNtCs4n3ZNZ4DVUd_10haven_core5nostr10encryption13decrypt_nip44
FNDA:6522,_RNvNtNtCs4n3ZNZ4DVUd_10haven_core5nostr10encryption13encrypt_nip44
FNDA:5,_RNCNvNtNtCs4n3ZNZ4DVUd_10haven_core5nostr10encryption13decrypt_nip440B7_
FNDA:0,_RNCNvNtNtCs4n3ZNZ4DVUd_10haven_core5nostr10encryption13decrypt_nip44s0_0B7_
FNDA:357,_RNCNvNtNtCs4n3ZNZ4DVUd_10haven_core5nostr10encryption13decrypt_nip44s_0B7_
FNDA:1,_RNCNvNtNtCs4n3ZNZ4DVUd_10haven_core5nostr10encryption13encrypt_nip440B7_
FNF:18
FNH:17
DA:20,6552
DA:21,6552
DA:22,6552
DA:23,6552
DA:26,6550
DA:27,6550
DA:28,6550
DA:29,6550
DA:30,6552
DA:42,2869
DA:45,2869
DA:48,2869
DA:49,2869
DA:50,2869
DA:53,2862
DA:54,2862
DA:57,2501
DA:58,2501
DA:59,2869
DA:65,12
DA:67,12
DA:68,12
DA:69,12
DA:70,12
DA:71,12
DA:74,1
DA:75,1
DA:76,1
DA:78,1
DA:79,1
DA:81,1
DA:82,1
DA:85,1
DA:86,1
DA:87,1
DA:89,1
DA:90,1
DA:93,1
DA:96,1
DA:97,1
DA:98,1
DA:101,1
DA:102,1
DA:103,1
DA:104,1
DA:106,1
DA:107,1
DA:109,1
DA:110,1
DA:113,1
DA:115,1
DA:116,1
DA:118,1
DA:119,1
DA:120,1
DA:123,1
DA:124,1
DA:125,1
DA:127,1
DA:128,1
DA:130,1
DA:131,1
DA:134,1
DA:135,1
DA:136,1
DA:138,1
DA:139,1
DA:141,1
DA:142,1
DA:145,1
DA:146,1
DA:147,1
DA:149,1
DA:150,1
DA:153,1
DA:154,1
DA:155,1
DA:157,1
DA:158,1
DA:160,1
DA:161,1
DA:164,1
DA:165,1
DA:166,1
DA:168,1
DA:169,1
DA:171,1
DA:172,1
DA:175,1
DA:176,1
DA:177,1
DA:180,1
DA:181,1
DA:183,1
DA:184,1
DA:187,1
DA:190,1
DA:191,1
DA:194,1
DA:195,1
DA:196,1
DA:197,1
DA:198,1
DA:199,1
DA:200,1
DA:202,1
DA:203,1
DA:204,1
BRF:0
BRH:0
LF:112
LH:111
end_of_record
SF:/home/efe/Repositories/Haven-App/haven-core/src/nostr/error.rs
FN:73,_RNvXNtNtCs4RgcrqJDxGn_10haven_core5nostr5errorNtB2_10NostrErrorINtNtCs3XFJfFEDSOQ_4core7convert4FromNtNtCsgoCSyZUF370_3hex5error12FromHexErrorE4from
FN:120,_RNvNtNtNtCs4RgcrqJDxGn_10haven_core5nostr5error5testss_14error_from_hex
FN:107,_RNvNtNtNtCs4RgcrqJDxGn_10haven_core5nostr5error5testss_21error_display_expired
FN:133,_RNvNtNtNtCs4RgcrqJDxGn_10haven_core5nostr5error5testss_21error_display_signing
FN:113,_RNvNtNtNtCs4RgcrqJDxGn_10haven_core5nostr5error5testss_21error_from_serde_json
FN:151,_RNvNtNtNtCs4RgcrqJDxGn_10haven_core5nostr5error5testss_23error_display_hex_error
FN:83,_RNvNtNtNtCs4RgcrqJDxGn_10haven_core5nostr5error5testss_23error_display_mls_group
FN:95,_RNvNtNtNtCs4RgcrqJDxGn_10haven_core5nostr5error5testss_24error_display_decryption
FN:89,_RNvNtNtNtCs4RgcrqJDxGn_10haven_core5nostr5error5testss_24error_display_encryption
FN:139,_RNvNtNtNtCs4RgcrqJDxGn_10haven_core5nostr5error5testss_27error_display_invalid_event
FN:127,_RNvNtNtNtCs4RgcrqJDxGn_10haven_core5nostr5error5testss_28error_display_key_derivation
FN:101,_RNvNtNtNtCs4RgcrqJDxGn_10haven_core5nostr5error5testss_29error_display_exporter_secret
FN:145,_RNvNtNtNtCs4RgcrqJDxGn_10haven_core5nostr5error5testss_31error_display_invalid_signature
FN:73,_RNvXNtNtCs4n3ZNZ4DVUd_10haven_core5nostr5errorNtB2_10NostrErrorINtNtCs3XFJfFEDSOQ_4core7convert4FromNtNtCsgoCSyZUF370_3hex5error12FromHexErrorE4from
FNDA:4,_RNvXNtNtCs4RgcrqJDxGn_10haven_core5nostr5errorNtB2_10NostrErrorINtNtCs3XFJfFEDSOQ_4core7convert4FromNtNtCsgoCSyZUF370_3hex5error12FromHexErrorE4from
FNDA:1,_RNvNtNtNtCs4RgcrqJDxGn_10haven_core5nostr5error5testss_14error_from_hex
FNDA:1,_RNvNtNtNtCs4RgcrqJDxGn_10haven_core5nostr5error5testss_21error_display_expired
FNDA:1,_RNvNtNtNtCs4RgcrqJDxGn_10haven_core5nostr5error5testss_21error_display_signing
FNDA:1,_RNvNtNtNtCs4RgcrqJDxGn_10haven_core5nostr5error5testss_21error_from_serde_json
FNDA:1,_RNvNtNtNtCs4RgcrqJDxGn_10haven_core5nostr5error5testss_23error_display_hex_error
FNDA:1,_RNvNtNtNtCs4RgcrqJDxGn_10haven_core5nostr5error5testss_23error_display_mls_group
FNDA:1,_RNvNtNtNtCs4RgcrqJDxGn_10haven_core5nostr5error5testss_24error_display_decryption
FNDA:1,_RNvNtNtNtCs4RgcrqJDxGn_10haven_core5nostr5error5testss_24error_display_encryption
FNDA:1,_RNvNtNtNtCs4RgcrqJDxGn_10haven_core5nostr5error5testss_27error_display_invalid_event
FNDA:1,_RNvNtNtNtCs4RgcrqJDxGn_10haven_core5nostr5error5testss_28error_display_key_derivation
FNDA:1,_RNvNtNtNtCs4RgcrqJDxGn_10haven_core5nostr5error5testss_29error_display_exporter_secret
FNDA:1,_RNvNtNtNtCs4RgcrqJDxGn_10haven_core5nostr5error5testss_31error_display_invalid_signature
FNDA:0,_RNvXNtNtCs4n3ZNZ4DVUd_10haven_core5nostr5errorNtB2_10NostrErrorINtNtCs3XFJfFEDSOQ_4core7convert4FromNtNtCsgoCSyZUF370_3hex5error12FromHexErrorE4from
FNF:13
FNH:13
DA:73,4
DA:74,4
DA:75,4
DA:83,1
DA:84,1
DA:85,1
DA:86,1
DA:89,1
DA:90,1
DA:91,1
DA:92,1
DA:95,1
DA:96,1
DA:97,1
DA:98,1
DA:101,1
DA:102,1
DA:103,1
DA:104,1
DA:107,1
DA:108,1
DA:109,1
DA:110,1
DA:113,1
DA:114,1
DA:115,1
DA:116,1
DA:117,1
DA:120,1
DA:121,1
DA:122,1
DA:123,1
DA:124,1
DA:127,1
DA:128,1
DA:129,1
DA:130,1
DA:133,1
DA:134,1
DA:135,1
DA:136,1
DA:139,1
DA:140,1
DA:141,1
DA:142,1
DA:145,1
DA:146,1
DA:147,1
DA:148,1
DA:151,1
DA:152,1
DA:153,1
DA:154,1
BRF:0
BRH:0
LF:53
LH:53
end_of_record
SF:/home/efe/Repositories/Haven-App/haven-core/src/nostr/event.rs
FN:90,_RNvMNtNtCs4RgcrqJDxGn_10haven_core5nostr5eventNtB2_21UnsignedLocationEvent11to_location
FN:75,_RNvMNtNtCs4RgcrqJDxGn_10haven_core5nostr5eventNtB2_21UnsignedLocationEvent13from_location
FN:99,_RNvMNtNtCs4RgcrqJDxGn_10haven_core5nostr5eventNtB2_21UnsignedLocationEvent7to_json
FN:108,_RNvMNtNtCs4RgcrqJDxGn_10haven_core5nostr5eventNtB2_21UnsignedLocationEvent9from_json
FN:279,_RNvMs_NtNtCs4RgcrqJDxGn_10haven_core5nostr5eventNtB4_19SignedLocationEvent10expires_at
FN:290,_RNvMs_NtNtCs4RgcrqJDxGn_10haven_core5nostr5eventNtB4_19SignedLocationEvent10is_expired
FN:228,_RNvMs_NtNtCs4RgcrqJDxGn_10haven_core5nostr5eventNtB4_19SignedLocationEvent12calculate_id
FN:268,_RNvMs_NtNtCs4RgcrqJDxGn_10haven_core5nostr5eventNtB4_19SignedLocationEvent14nostr_group_id
FN:308,_RNvMs_NtNtCs4RgcrqJDxGn_10haven_core5nostr5eventNtB4_19SignedLocationEvent16verify_signature
FN:174,_RNvMs_NtNtCs4RgcrqJDxGn_10haven_core5nostr5eventNtB4_19SignedLocationEvent3new
FN:296,_RNvMs_NtNtCs4RgcrqJDxGn_10haven_core5nostr5eventNtB4_19SignedLocationEvent7geohash
FN:251,_RNvMs_NtNtCs4RgcrqJDxGn_10haven_core5nostr5eventNtB4_19SignedLocationEvent7to_json
FN:260,_RNvMs_NtNtCs4RgcrqJDxGn_10haven_core5nostr5eventNtB4_19SignedLocationEvent9from_json
FN:389,_RNvNtNtNtCs4RgcrqJDxGn_10haven_core5nostr5event5testss_21signed_event_creation
FN:447,_RNvNtNtNtCs4RgcrqJDxGn_10haven_core5nostr5event5testss_25signed_event_with_geohash
FN:412,_RNvNtNtNtCs4RgcrqJDxGn_10haven_core5nostr5event5testss_27signed_event_contains_h_tag
FN:499,_RNvNtNtNtCs4RgcrqJDxGn_10haven_core5nostr5event5testss_27signed_event_json_roundtrip
FN:537,_RNvNtNtNtCs4RgcrqJDxGn_10haven_core5nostr5event5testss_28event_not_expired_when_fresh
FN:466,_RNvNtNtNtCs4RgcrqJDxGn_10haven_core5nostr5event5testss_28signed_event_without_geohash
FN:357,_RNvNtNtNtCs4RgcrqJDxGn_10haven_core5nostr5event5testss_28unsigned_event_from_location
FN:379,_RNvNtNtNtCs4RgcrqJDxGn_10haven_core5nostr5event5testss_29unsigned_event_json_roundtrip
FN:520,_RNvNtNtNtCs4RgcrqJDxGn_10haven_core5nostr5event5testss_33tampered_event_fails_verification
FN:368,_RNvNtNtNtCs4RgcrqJDxGn_10haven_core5nostr5event5testss_33unsigned_event_roundtrip_location
FN:485,_RNvNtNtNtCs4RgcrqJDxGn_10haven_core5nostr5event5testss_35signed_event_signature_verification
FN:431,_RNvNtNtNtCs4RgcrqJDxGn_10haven_core5nostr5event5testss_36signed_event_contains_expiration_tag
FN:659,_RNvNtNtNtCs4RgcrqJDxGn_10haven_core5nostr5event5testss_37verify_signature_detects_id_tampering
FN:551,_RNvNtNtNtCs4RgcrqJDxGn_10haven_core5nostr5event5testss_37verify_signature_rejects_short_pubkey
FN:605,_RNvNtNtNtCs4RgcrqJDxGn_10haven_core5nostr5event5testss_40nostr_group_id_returns_none_when_missing
FN:587,_RNvNtNtNtCs4RgcrqJDxGn_10haven_core5nostr5event5testss_40verify_signature_rejects_short_signature
FN:653,_RNvNtNtNtCs4RgcrqJDxGn_10haven_core5nostr5event5testss_43signed_event_from_json_rejects_invalid_json
FN:569,_RNvNtNtNtCs4RgcrqJDxGn_10haven_core5nostr5event5testss_43verify_signature_rejects_invalid_hex_pubkey
FN:685,_RNvNtNtNtCs4RgcrqJDxGn_10haven_core5nostr5event5testss_44verify_signature_rejects_pubkey_not_on_curve
FN:624,_RNvNtNtNtCs4RgcrqJDxGn_10haven_core5nostr5event5testss_45expires_at_returns_none_for_invalid_timestamp
FN:647,_RNvNtNtNtCs4RgcrqJDxGn_10haven_core5nostr5event5testss_45unsigned_event_from_json_rejects_invalid_json
FN:282,_RNCNvMs_NtNtCs4RgcrqJDxGn_10haven_core5nostr5eventNtB6_19SignedLocationEvent10expires_at0Ba_
FN:284,_RNCNvMs_NtNtCs4RgcrqJDxGn_10haven_core5nostr5eventNtB6_19SignedLocationEvent10expires_ats0_0Ba_
FN:285,_RNCNvMs_NtNtCs4RgcrqJDxGn_10haven_core5nostr5eventNtB6_19SignedLocationEvent10expires_ats1_0Ba_
FN:283,_RNCNvMs_NtNtCs4RgcrqJDxGn_10haven_core5nostr5eventNtB6_19SignedLocationEvent10expires_ats_0Ba_
FN:291,_RNCNvMs_NtNtCs4RgcrqJDxGn_10haven_core5nostr5eventNtB6_19SignedLocationEvent10is_expired0Ba_
FN:271,_RNCNvMs_NtNtCs4RgcrqJDxGn_10haven_core5nostr5eventNtB6_19SignedLocationEvent14nostr_group_id0Ba_
FN:272,_RNCNvMs_NtNtCs4RgcrqJDxGn_10haven_core5nostr5eventNtB6_19SignedLocationEvent14nostr_group_ids_0Ba_
FN:314,_RNCNvMs_NtNtCs4RgcrqJDxGn_10haven_core5nostr5eventNtB6_19SignedLocationEvent16verify_signature0Ba_
FN:321,_RNCNvMs_NtNtCs4RgcrqJDxGn_10haven_core5nostr5eventNtB6_19SignedLocationEvent16verify_signatures0_0Ba_
FN:323,_RNCNvMs_NtNtCs4RgcrqJDxGn_10haven_core5nostr5eventNtB6_19SignedLocationEvent16verify_signatures1_0Ba_
FN:344,_RNCNvMs_NtNtCs4RgcrqJDxGn_10haven_core5nostr5eventNtB6_19SignedLocationEvent16verify_signatures2_0Ba_
FN:316,_RNCNvMs_NtNtCs4RgcrqJDxGn_10haven_core5nostr5eventNtB6_19SignedLocationEvent16verify_signatures_0Ba_
FN:208,_RNCNvMs_NtNtCs4RgcrqJDxGn_10haven_core5nostr5eventNtB6_19SignedLocationEvent3new0Ba_
FN:210,_RNCNvMs_NtNtCs4RgcrqJDxGn_10haven_core5nostr5eventNtB6_19SignedLocationEvent3news_0Ba_
FN:299,_RNCNvMs_NtNtCs4RgcrqJDxGn_10haven_core5nostr5eventNtB6_19SignedLocationEvent7geohash0Ba_
FN:300,_RNCNvMs_NtNtCs4RgcrqJDxGn_10haven_core5nostr5eventNtB6_19SignedLocationEvent7geohashs_0Ba_
FN:618,_RNCNCNvNtNtNtCs4RgcrqJDxGn_10haven_core5nostr5event5testss_40nostr_group_id_returns_none_when_missing00Bb_
FN:618,_RNCNvNtNtNtCs4RgcrqJDxGn_10haven_core5nostr5event5testss_40nostr_group_id_returns_none_when_missing0B9_
FN:636,_RNCNvNtNtNtCs4RgcrqJDxGn_10haven_core5nostr5event5testss_45expires_at_returns_none_for_invalid_timestamp0B9_
FN:282,_RNCNvMs_NtNtCs4n3ZNZ4DVUd_10haven_core5nostr5eventNtB6_19SignedLocationEvent10expires_at0Ba_
FN:284,_RNCNvMs_NtNtCs4n3ZNZ4DVUd_10haven_core5nostr5eventNtB6_19SignedLocationEvent10expires_ats0_0Ba_
FN:285,_RNCNvMs_NtNtCs4n3ZNZ4DVUd_10haven_core5nostr5eventNtB6_19SignedLocationEvent10expires_ats1_0Ba_
FN:283,_RNCNvMs_NtNtCs4n3ZNZ4DVUd_10haven_core5nostr5eventNtB6_19SignedLocationEvent10expires_ats_0Ba_
FN:291,_RNCNvMs_NtNtCs4n3ZNZ4DVUd_10haven_core5nostr5eventNtB6_19SignedLocationEvent10is_expired0Ba_
FN:271,_RNCNvMs_NtNtCs4n3ZNZ4DVUd_10haven_core5nostr5eventNtB6_19SignedLocationEvent14nostr_group_id0Ba_
FN:272,_RNCNvMs_NtNtCs4n3ZNZ4DVUd_10haven_core5nostr5eventNtB6_19SignedLocationEvent14nostr_group_ids_0Ba_
FN:314,_RNCNvMs_NtNtCs4n3ZNZ4DVUd_10haven_core5nostr5eventNtB6_19SignedLocationEvent16verify_signature0Ba_
FN:321,_RNCNvMs_NtNtCs4n3ZNZ4DVUd_10haven_core5nostr5eventNtB6_19SignedLocationEvent16verify_signatures0_0Ba_
FN:323,_RNCNvMs_NtNtCs4n3ZNZ4DVUd_10haven_core5nostr5eventNtB6_19SignedLocationEvent16verify_signatures1_0Ba_
FN:344,_RNCNvMs_NtNtCs4n3ZNZ4DVUd_10haven_core5nostr5eventNtB6_19SignedLocationEvent16verify_signatures2_0Ba_
FN:316,_RNCNvMs_NtNtCs4n3ZNZ4DVUd_10haven_core5nostr5eventNtB6_19SignedLocationEvent16verify_signatures_0Ba_
FN:208,_RNCNvMs_NtNtCs4n3ZNZ4DVUd_10haven_core5nostr5eventNtB6_19SignedLocationEvent3new0Ba_
FN:210,_RNCNvMs_NtNtCs4n3ZNZ4DVUd_10haven_core5nostr5eventNtB6_19SignedLocationEvent3news_0Ba_
FN:299,_RNCNvMs_NtNtCs4n3ZNZ4DVUd_10haven_core5nostr5eventNtB6_19SignedLocationEvent7geohash0Ba_
FN:300,_RNCNvMs_NtNtCs4n3ZNZ4DVUd_10haven_core5nostr5eventNtB6_19SignedLocationEvent7geohashs_0Ba_
FN:90,_RNvMNtNtCs4n3ZNZ4DVUd_10haven_core5nostr5eventNtB2_21UnsignedLocationEvent11to_location
FN:75,_RNvMNtNtCs4n3ZNZ4DVUd_10haven_core5nostr5eventNtB2_21UnsignedLocationEvent13from_location
FN:99,_RNvMNtNtCs4n3ZNZ4DVUd_10haven_core5nostr5eventNtB2_21UnsignedLocationEvent7to_json
FN:108,_RNvMNtNtCs4n3ZNZ4DVUd_10haven_core5nostr5eventNtB2_21UnsignedLocationEvent9from_json
FN:279,_RNvMs_NtNtCs4n3ZNZ4DVUd_10haven_core5nostr5eventNtB4_19SignedLocationEvent10expires_at
FN:290,_RNvMs_NtNtCs4n3ZNZ4DVUd_10haven_core5nostr5eventNtB4_19SignedLocationEvent10is_expired
FN:228,_RNvMs_NtNtCs4n3ZNZ4DVUd_10haven_core5nostr5eventNtB4_19SignedLocationEvent12calculate_id
FN:268,_RNvMs_NtNtCs4n3ZNZ4DVUd_10haven_core5nostr5eventNtB4_19SignedLocationEvent14nostr_group_id
FN:308,_RNvMs_NtNtCs4n3ZNZ4DVUd_10haven_core5nostr5eventNtB4_19SignedLocationEvent16verify_signature
FN:174,_RNvMs_NtNtCs4n3ZNZ4DVUd_10haven_core5nostr5eventNtB4_19SignedLocationEvent3new
FN:296,_RNvMs_NtNtCs4n3ZNZ4DVUd_10haven_core5nostr5eventNtB4_19SignedLocationEvent7geohash
FN:251,_RNvMs_NtNtCs4n3ZNZ4DVUd_10haven_core5nostr5eventNtB4_19SignedLocationEvent7to_json
FN:260,_RNvMs_NtNtCs4n3ZNZ4DVUd_10haven_core5nostr5eventNtB4_19SignedLocationEvent9from_json
FNDA:3,_RNvMNtNtCs4RgcrqJDxGn_10haven_core5nostr5eventNtB2_21UnsignedLocationEvent11to_location
FNDA:22,_RNvMNtNtCs4RgcrqJDxGn_10haven_core5nostr5eventNtB2_21UnsignedLocationEvent13from_location
FNDA:20,_RNvMNtNtCs4RgcrqJDxGn_10haven_core5nostr5eventNtB2_21UnsignedLocationEvent7to_json
FNDA:4,_RNvMNtNtCs4RgcrqJDxGn_10haven_core5nostr5eventNtB2_21UnsignedLocationEvent9from_json
FNDA:9,_RNvMs_NtNtCs4RgcrqJDxGn_10haven_core5nostr5eventNtB4_19SignedLocationEvent10expires_at
FNDA:7,_RNvMs_NtNtCs4RgcrqJDxGn_10haven_core5nostr5eventNtB4_19SignedLocationEvent10is_expired
FNDA:43,_RNvMs_NtNtCs4RgcrqJDxGn_10haven_core5nostr5eventNtB4_19SignedLocationEvent12calculate_id
FNDA:11,_RNvMs_NtNtCs4RgcrqJDxGn_10haven_core5nostr5eventNtB4_19SignedLocationEvent14nostr_group_id
FNDA:12,_RNvMs_NtNtCs4RgcrqJDxGn_10haven_core5nostr5eventNtB4_19SignedLocationEvent16verify_signature
FNDA:35,_RNvMs_NtNtCs4RgcrqJDxGn_10haven_core5nostr5eventNtB4_19SignedLocationEvent3new
FNDA:7,_RNvMs_NtNtCs4RgcrqJDxGn_10haven_core5nostr5eventNtB4_19SignedLocationEvent7geohash
FNDA:1,_RNvMs_NtNtCs4RgcrqJDxGn_10haven_core5nostr5eventNtB4_19SignedLocationEvent7to_json
FNDA:2,_RNvMs_NtNtCs4RgcrqJDxGn_10haven_core5nostr5eventNtB4_19SignedLocationEvent9from_json
FNDA:1,_RNvNtNtNtCs4RgcrqJDxGn_10haven_core5nostr5event5testss_21signed_event_creation
FNDA:1,_RNvNtNtNtCs4RgcrqJDxGn_10haven_core5nostr5event5testss_25signed_event_with_geohash
FNDA:1,_RNvNtNtNtCs4RgcrqJDxGn_10haven_core5nostr5event5testss_27signed_event_contains_h_tag
FNDA:1,_RNvNtNtNtCs4RgcrqJDxGn_10haven_core5nostr5event5testss_27signed_event_json_roundtrip
FNDA:1,_RNvNtNtNtCs4RgcrqJDxGn_10haven_core5nostr5event5testss_28event_not_expired_when_fresh
FNDA:1,_RNvNtNtNtCs4RgcrqJDxGn_10haven_core5nostr5event5testss_28signed_event_without_geohash
FNDA:1,_RNvNtNtNtCs4RgcrqJDxGn_10haven_core5nostr5event5testss_28unsigned_event_from_location
FNDA:1,_RNvNtNtNtCs4RgcrqJDxGn_10haven_core5nostr5event5testss_29unsigned_event_json_roundtrip
FNDA:1,_RNvNtNtNtCs4RgcrqJDxGn_10haven_core5nostr5event5testss_33tampered_event_fails_verification
FNDA:1,_RNvNtNtNtCs4RgcrqJDxGn_10haven_core5nostr5event5testss_33unsigned_event_roundtrip_location
FNDA:1,_RNvNtNtNtCs4RgcrqJDxGn_10haven_core5nostr5event5testss_35signed_event_signature_verification
FNDA:1,_RNvNtNtNtCs4RgcrqJDxGn_10haven_core5nostr5event5testss_36signed_event_contains_expiration_tag
FNDA:1,_RNvNtNtNtCs4RgcrqJDxGn_10haven_core5nostr5event5testss_37verify_signature_detects_id_tampering
FNDA:1,_RNvNtNtNtCs4RgcrqJDxGn_10haven_core5nostr5event5testss_37verify_signature_rejects_short_pubkey
FNDA:1,_RNvNtNtNtCs4RgcrqJDxGn_10haven_core5nostr5event5testss_40nostr_group_id_returns_none_when_missing
FNDA:1,_RNvNtNtNtCs4RgcrqJDxGn_10haven_core5nostr5event5testss_40verify_signature_rejects_short_signature
FNDA:1,_RNvNtNtNtCs4RgcrqJDxGn_10haven_core5nostr5event5testss_43signed_event_from_json_rejects_invalid_json
FNDA:1,_RNvNtNtNtCs4RgcrqJDxGn_10haven_core5nostr5event5testss_43verify_signature_rejects_invalid_hex_pubkey
FNDA:1,_RNvNtNtNtCs4RgcrqJDxGn_10haven_core5nostr5event5testss_44verify_signature_rejects_pubkey_not_on_curve
FNDA:1,_RNvNtNtNtCs4RgcrqJDxGn_10haven_core5nostr5event5testss_45expires_at_returns_none_for_invalid_timestamp
FNDA:1,_RNvNtNtNtCs4RgcrqJDxGn_10haven_core5nostr5event5testss_45unsigned_event_from_json_rejects_invalid_json
FNDA:18,_RNCNvMs_NtNtCs4RgcrqJDxGn_10haven_core5nostr5eventNtB6_19SignedLocationEvent10expires_at0Ba_
FNDA:9,_RNCNvMs_NtNtCs4RgcrqJDxGn_10haven_core5nostr5eventNtB6_19SignedLocationEvent10expires_ats0_0Ba_
FNDA:8,_RNCNvMs_NtNtCs4RgcrqJDxGn_10haven_core5nostr5eventNtB6_19SignedLocationEvent10expires_ats1_0Ba_
FNDA:9,_RNCNvMs_NtNtCs4RgcrqJDxGn_10haven_core5nostr5eventNtB6_19SignedLocationEvent10expires_ats_0Ba_
FNDA:7,_RNCNvMs_NtNtCs4RgcrqJDxGn_10haven_core5nostr5eventNtB6_19SignedLocationEvent10is_expired0Ba_
FNDA:13,_RNCNvMs_NtNtCs4RgcrqJDxGn_10haven_core5nostr5eventNtB6_19SignedLocationEvent14nostr_group_id0Ba_
FNDA:9,_RNCNvMs_NtNtCs4RgcrqJDxGn_10haven_core5nostr5eventNtB6_19SignedLocationEvent14nostr_group_ids_0Ba_
FNDA:0,_RNCNvMs_NtNtCs4RgcrqJDxGn_10haven_core5nostr5eventNtB6_19SignedLocationEvent16verify_signature0Ba_
FNDA:0,_RNCNvMs_NtNtCs4RgcrqJDxGn_10haven_core5nostr5eventNtB6_19SignedLocationEvent16verify_signatures0_0Ba_
FNDA:0,_RNCNvMs_NtNtCs4RgcrqJDxGn_10haven_core5nostr5eventNtB6_19SignedLocationEvent16verify_signatures1_0Ba_
FNDA:0,_RNCNvMs_NtNtCs4RgcrqJDxGn_10haven_core5nostr5eventNtB6_19SignedLocationEvent16verify_signatures2_0Ba_
FNDA:1,_RNCNvMs_NtNtCs4RgcrqJDxGn_10haven_core5nostr5eventNtB6_19SignedLocationEvent16verify_signatures_0Ba_
FNDA:0,_RNCNvMs_NtNtCs4RgcrqJDxGn_10haven_core5nostr5eventNtB6_19SignedLocationEvent3new0Ba_
FNDA:0,_RNCNvMs_NtNtCs4RgcrqJDxGn_10haven_core5nostr5eventNtB6_19SignedLocationEvent3news_0Ba_
FNDA:26,_RNCNvMs_NtNtCs4RgcrqJDxGn_10haven_core5nostr5eventNtB6_19SignedLocationEvent7geohash0Ba_
FNDA:5,_RNCNvMs_NtNtCs4RgcrqJDxGn_10haven_core5nostr5eventNtB6_19SignedLocationEvent7geohashs_0Ba_
FNDA:3,_RNCNCNvNtNtNtCs4RgcrqJDxGn_10haven_core5nostr5event5testss_40nostr_group_id_returns_none_when_missing00Bb_
FNDA:3,_RNCNvNtNtNtCs4RgcrqJDxGn_10haven_core5nostr5event5testss_40nostr_group_id_returns_none_when_missing0B9_
FNDA:3,_RNCNvNtNtNtCs4RgcrqJDxGn_10haven_core5nostr5event5testss_45expires_at_returns_none_for_invalid_timestamp0B9_
FNDA:3872,_RNCNvMs_NtNtCs4n3ZNZ4DVUd_10haven_core5nostr5eventNtB6_19SignedLocationEvent10expires_at0Ba_
FNDA:1936,_RNCNvMs_NtNtCs4n3ZNZ4DVUd_10haven_core5nostr5eventNtB6_19SignedLocationEvent10expires_ats0_0Ba_
FNDA:1936,_RNCNvMs_NtNtCs4n3ZNZ4DVUd_10haven_core5nostr5eventNtB6_19SignedLocationEvent10expires_ats1_0Ba_
FNDA:1936,_RNCNvMs_NtNtCs4n3ZNZ4DVUd_10haven_core5nostr5eventNtB6_19SignedLocationEvent10expires_ats_0Ba_
FNDA:1936,_RNCNvMs_NtNtCs4n3ZNZ4DVUd_10haven_core5nostr5eventNtB6_19SignedLocationEvent10is_expired0Ba_
FNDA:1936,_RNCNvMs_NtNtCs4n3ZNZ4DVUd_10haven_core5nostr5eventNtB6_19SignedLocationEvent14nostr_group_id0Ba_
FNDA:1936,_RNCNvMs_NtNtCs4n3ZNZ4DVUd_10haven_core5nostr5eventNtB6_19SignedLocationEvent14nostr_group_ids_0Ba_
FNDA:0,_RNCNvMs_NtNtCs4n3ZNZ4DVUd_10haven_core5nostr5eventNtB6_19SignedLocationEvent16verify_signature0Ba_
FNDA:0,_RNCNvMs_NtNtCs4n3ZNZ4DVUd_10haven_core5nostr5eventNtB6_19SignedLocationEvent16verify_signatures0_0Ba_
FNDA:0,_RNCNvMs_NtNtCs4n3ZNZ4DVUd_10haven_core5nostr5eventNtB6_19SignedLocationEvent16verify_signatures1_0Ba_
FNDA:0,_RNCNvMs_NtNtCs4n3ZNZ4DVUd_10haven_core5nostr5eventNtB6_19SignedLocationEvent16verify_signatures2_0Ba_
FNDA:0,_RNCNvMs_NtNtCs4n3ZNZ4DVUd_10haven_core5nostr5eventNtB6_19SignedLocationEvent16verify_signatures_0Ba_
FNDA:0,_RNCNvMs_NtNtCs4n3ZNZ4DVUd_10haven_core5nostr5eventNtB6_19SignedLocationEvent3new0Ba_
FNDA:0,_RNCNvMs_NtNtCs4n3ZNZ4DVUd_10haven_core5nostr5eventNtB6_19SignedLocationEvent3news_0Ba_
FNDA:5888,_RNCNvMs_NtNtCs4n3ZNZ4DVUd_10haven_core5nostr5eventNtB6_19SignedLocationEvent7geohash0Ba_
FNDA:1280,_RNCNvMs_NtNtCs4n3ZNZ4DVUd_10haven_core5nostr5eventNtB6_19SignedLocationEvent7geohashs_0Ba_
FNDA:1936,_RNvMNtNtCs4n3ZNZ4DVUd_10haven_core5nostr5eventNtB2_21UnsignedLocationEvent11to_location
FNDA:4740,_RNvMNtNtCs4n3ZNZ4DVUd_10haven_core5nostr5eventNtB2_21UnsignedLocationEvent13from_location
FNDA:4740,_RNvMNtNtCs4n3ZNZ4DVUd_10haven_core5nostr5eventNtB2_21UnsignedLocationEvent7to_json
FNDA:1936,_RNvMNtNtCs4n3ZNZ4DVUd_10haven_core5nostr5eventNtB2_21UnsignedLocationEvent9from_json
FNDA:1936,_RNvMs_NtNtCs4n3ZNZ4DVUd_10haven_core5nostr5eventNtB4_19SignedLocationEvent10expires_at
FNDA:1936,_RNvMs_NtNtCs4n3ZNZ4DVUd_10haven_core5nostr5eventNtB4_19SignedLocationEvent10is_expired
FNDA:7032,_RNvMs_NtNtCs4n3ZNZ4DVUd_10haven_core5nostr5eventNtB4_19SignedLocationEvent12calculate_id
FNDA:1936,_RNvMs_NtNtCs4n3ZNZ4DVUd_10haven_core5nostr5eventNtB4_19SignedLocationEvent14nostr_group_id
FNDA:2292,_RNvMs_NtNtCs4n3ZNZ4DVUd_10haven_core5nostr5eventNtB4_19SignedLocationEvent16verify_signature
FNDA:4740,_RNvMs_NtNtCs4n3ZNZ4DVUd_10haven_core5nostr5eventNtB4_19SignedLocationEvent3new
FNDA:1536,_RNvMs_NtNtCs4n3ZNZ4DVUd_10haven_core5nostr5eventNtB4_19SignedLocationEvent7geohash
FNDA:0,_RNvMs_NtNtCs4n3ZNZ4DVUd_10haven_core5nostr5eventNtB4_19SignedLocationEvent7to_json
FNDA:0,_RNvMs_NtNtCs4n3ZNZ4DVUd_10haven_core5nostr5eventNtB4_19SignedLocationEvent9from_json
FNF:53
FNH:47
DA:75,4762
DA:76,4762
DA:77,4762
DA:78,4762
DA:79,4762
DA:80,4762
DA:81,4762
DA:82,4762
DA:83,4762
DA:90,1939
DA:91,1939
DA:92,1939
DA:99,4760
DA:100,4760
DA:101,4760
DA:108,1940
DA:109,1940
DA:110,1940
DA:174,4775
DA:175,4775
DA:176,4775
DA:177,4775
DA:178,4775
DA:179,4775
DA:180,4775
DA:181,4775
DA:182,4775
DA:185,4775
DA:186,4775
DA:187,4775
DA:188,4775
DA:192,4775
DA:193,1285
DA:194,1285
DA:195,3490
DA:198,4775
DA:199,4775
DA:200,4775
DA:202,4775
DA:203,4775
DA:204,0
DA:207,4775
DA:208,4775
DA:209,4775
DA:210,4775
DA:211,4775
DA:213,4775
DA:214,4775
DA:215,4775
DA:216,4775
DA:217,4775
DA:218,4775
DA:219,4775
DA:220,4775
DA:221,4775
DA:222,4775
DA:228,7075
DA:229,7075
DA:230,7075
DA:231,7075
DA:232,7075
DA:233,7075
DA:234,7075
DA:236,7075
DA:237,7075
DA:239,7075
DA:240,7075
DA:241,7075
DA:243,7075
DA:244,7075
DA:251,1
DA:252,1
DA:253,1
DA:260,2
DA:261,2
DA:262,2
DA:268,1947
DA:269,1947
DA:270,1947
DA:271,1949
DA:272,1947
DA:273,1947
DA:279,1945
DA:280,1945
DA:281,1945
DA:282,3890
DA:283,1945
DA:284,1945
DA:285,1945
DA:286,1945
DA:290,1943
DA:291,1943
DA:292,1943
DA:296,1543
DA:297,1543
DA:298,1543
DA:299,5914
DA:300,1543
DA:301,1543
DA:308,2304
DA:312,2304
DA:313,2302
DA:314,2302
DA:315,2302
DA:316,2302
DA:319,2301
DA:320,2300
DA:321,2300
DA:322,2300
DA:323,2300
DA:326,2300
DA:327,2300
DA:328,2300
DA:329,2300
DA:330,2300
DA:331,2300
DA:332,0
DA:335,2300
DA:336,2297
DA:337,2297
DA:338,3
DA:342,2297
DA:343,2297
DA:344,2297
DA:345,2297
DA:347,2297
DA:348,2297
DA:349,2304
DA:357,1
DA:358,1
DA:359,1
DA:361,1
DA:362,1
DA:363,1
DA:364,1
DA:365,1
DA:368,1
DA:369,1
DA:370,1
DA:371,1
DA:373,1
DA:374,1
DA:375,1
DA:376,1
DA:379,1
DA:380,1
DA:381,1
DA:382,1
DA:383,1
DA:385,1
DA:386,1
DA:389,1
DA:392,1
DA:393,1
DA:395,1
DA:396,1
DA:397,1
DA:398,1
DA:399,1
DA:400,1
DA:402,1
DA:404,1
DA:405,1
DA:406,1
DA:407,1
DA:408,1
DA:409,1
DA:412,1
DA:415,1
DA:416,1
DA:418,1
DA:419,1
DA:420,1
DA:421,1
DA:422,1
DA:423,1
DA:425,1
DA:427,1
DA:428,1
DA:431,1
DA:434,1
DA:435,1
DA:437,1
DA:438,1
DA:439,1
DA:441,1
DA:443,1
DA:444,1
DA:447,1
DA:450,1
DA:451,1
DA:453,1
DA:454,1
DA:455,1
DA:456,1
DA:457,1
DA:458,1
DA:460,1
DA:462,1
DA:463,1
DA:466,1
DA:469,1
DA:470,1
DA:472,1
DA:473,1
DA:474,1
DA:475,1
DA:476,1
DA:477,1
DA:479,1
DA:481,1
DA:482,1
DA:485,1
DA:488,1
DA:489,1
DA:491,1
DA:492,1
DA:493,1
DA:495,1
DA:496,1
DA:499,1
DA:502,1
DA:503,1
DA:505,1
DA:506,1
DA:507,1
DA:509,1
DA:510,1
DA:512,1
DA:513,1
DA:514,1
DA:515,1
DA:516,1
DA:517,1
DA:520,1
DA:523,1
DA:524,1
DA:526,1
DA:527,1
DA:528,1
DA:531,1
DA:533,1
DA:534,1
DA:537,1
DA:540,1
DA:541,1
DA:543,1
DA:544,1
DA:545,1
DA:547,1
DA:548,1
DA:551,1
DA:554,1
DA:555,1
DA:557,1
DA:558,1
DA:559,1
DA:562,1
DA:564,1
DA:565,1
DA:566,1
DA:569,1
DA:572,1
DA:573,1
DA:575,1
DA:576,1
DA:577,1
DA:580,1
DA:582,1
DA:583,1
DA:584,1
DA:587,1
DA:590,1
DA:591,1
DA:593,1
DA:594,1
DA:595,1
DA:598,1
DA:600,1
DA:601,1
DA:602,1
DA:605,1
DA:608,1
DA:609,1
DA:611,1
DA:612,1
DA:613,1
DA:616,1
DA:617,1
DA:618,3
DA:620,1
DA:621,1
DA:624,1
DA:627,1
DA:628,1
DA:630,1
DA:631,1
DA:632,1
DA:635,4
DA:636,3
DA:637,1
DA:638,1
DA:639,1
DA:640,2
DA:643,1
DA:644,1
DA:647,1
DA:648,1
DA:649,1
DA:650,1
DA:653,1
DA:654,1
DA:655,1
DA:656,1
DA:659,1
DA:662,1
DA:663,1
DA:665,1
DA:666,1
DA:667,1
DA:670,1
DA:671,1
DA:672,1
DA:675,1
DA:676,1
DA:677,1
DA:678,1
DA:680,0
DA:682,1
DA:685,1
DA:688,1
DA:689,1
DA:691,1
DA:692,1
DA:693,1
DA:697,1
DA:699,1
DA:700,1
DA:701,1
BRF:0
BRH:0
LF:358
LH:349
end_of_record
SF:/home/efe/Repositories/Haven-App/haven-core/src/nostr/keys.rs
FN:183,_RNvMNtNtCs4RgcrqJDxGn_10haven_core5nostr4keysNtB2_16EphemeralKeypair7keypair
FN:319,_RINvNvNtNtNtCs4RgcrqJDxGn_10haven_core5nostr4keys5testss_44ephemeral_keypair_implements_zeroize_on_drop22assert_zeroize_on_dropNtB6_16EphemeralKeypairEBa_
FN:219,_RNvNtNtNtCs4RgcrqJDxGn_10haven_core5nostr4keys5testss_22pubkey_hex_is_64_chars
FN:290,_RNvNtNtNtCs4RgcrqJDxGn_10haven_core5nostr4keys5testss_23pubkey_hex_is_valid_hex
FN:225,_RNvNtNtNtCs4RgcrqJDxGn_10haven_core5nostr4keys5testss_24pubkey_bytes_is_32_bytes
FN:231,_RNvNtNtNtCs4RgcrqJDxGn_10haven_core5nostr4keys5testss_25from_bytes_with_valid_key
FN:282,_RNvNtNtNtCs4RgcrqJDxGn_10haven_core5nostr4keys5testss_28from_bytes_with_all_ff_fails
FN:247,_RNvNtNtNtCs4RgcrqJDxGn_10haven_core5nostr4keys5testss_29sign_produces_valid_signature
FN:263,_RNvNtNtNtCs4RgcrqJDxGn_10haven_core5nostr4keys5testss_30debug_does_not_leak_secret_key
FN:273,_RNvNtNtNtCs4RgcrqJDxGn_10haven_core5nostr4keys5testss_30same_bytes_produce_same_pubkey
FN:240,_RNvNtNtNtCs4RgcrqJDxGn_10haven_core5nostr4keys5testss_31from_bytes_with_all_zeros_fails
FN:212,_RNvNtNtNtCs4RgcrqJDxGn_10haven_core5nostr4keys5testss_31generate_produces_valid_keypair
FN:298,_RNvNtNtNtCs4RgcrqJDxGn_10haven_core5nostr4keys5testss_31pubkey_bytes_matches_pubkey_hex
FN:307,_RNvNtNtNtCs4RgcrqJDxGn_10haven_core5nostr4keys5testss_34debug_output_contains_pubkey_value
FN:324,_RNvNtNtNtCs4RgcrqJDxGn_10haven_core5nostr4keys5testss_36from_bytes_with_curve_order_boundary
FN:256,_RNvNtNtNtCs4RgcrqJDxGn_10haven_core5nostr4keys5testss_41different_keypairs_have_different_pubkeys
FN:317,_RNvNtNtNtCs4RgcrqJDxGn_10haven_core5nostr4keys5testss_44ephemeral_keypair_implements_zeroize_on_drop
FN:155,_RNCNCNvMNtNtCs4RgcrqJDxGn_10haven_core5nostr4keysNtB6_16EphemeralKeypair4sign00Ba_
FN:102,_RNCNvMNtNtCs4RgcrqJDxGn_10haven_core5nostr4keysNtB4_16EphemeralKeypair10from_bytes0B8_
FN:153,_RNCNvMNtNtCs4RgcrqJDxGn_10haven_core5nostr4keysNtB4_16EphemeralKeypair4sign0B8_
FN:100,_RNvMNtNtCs4RgcrqJDxGn_10haven_core5nostr4keysNtB2_16EphemeralKeypair10from_bytes
FN:117,_RNvMNtNtCs4RgcrqJDxGn_10haven_core5nostr4keysNtB2_16EphemeralKeypair10pubkey_hex
FN:123,_RNvMNtNtCs4RgcrqJDxGn_10haven_core5nostr4keysNtB2_16EphemeralKeypair12pubkey_bytes
FN:146,_RNvMNtNtCs4RgcrqJDxGn_10haven_core5nostr4keysNtB2_16EphemeralKeypair4sign
FN:67,_RNvMNtNtCs4RgcrqJDxGn_10haven_core5nostr4keysNtB2_16EphemeralKeypair8generate
FN:199,_RNvXs_NtNtCs4RgcrqJDxGn_10haven_core5nostr4keysNtB4_16EphemeralKeypairNtNtCs3XFJfFEDSOQ_4core3fmt5Debug3fmt
FN:155,_RNCNCNvMNtNtCs4n3ZNZ4DVUd_10haven_core5nostr4keysNtB6_16EphemeralKeypair4sign00Ba_
FN:102,_RNCNvMNtNtCs4n3ZNZ4DVUd_10haven_core5nostr4keysNtB4_16EphemeralKeypair10from_bytes0B8_
FN:153,_RNCNvMNtNtCs4n3ZNZ4DVUd_10haven_core5nostr4keysNtB4_16EphemeralKeypair4sign0B8_
FN:183,_RNvMNtNtCs4n3ZNZ4DVUd_10haven_core5nostr4keysNtB2_16EphemeralKeypair7keypair
FN:100,_RNvMNtNtCs4n3ZNZ4DVUd_10haven_core5nostr4keysNtB2_16EphemeralKeypair10from_bytes
FN:117,_RNvMNtNtCs4n3ZNZ4DVUd_10haven_core5nostr4keysNtB2_16EphemeralKeypair10pubkey_hex
FN:123,_RNvMNtNtCs4n3ZNZ4DVUd_10haven_core5nostr4keysNtB2_16EphemeralKeypair12pubkey_bytes
FN:146,_RNvMNtNtCs4n3ZNZ4DVUd_10haven_core5nostr4keysNtB2_16EphemeralKeypair4sign
FN:67,_RNvMNtNtCs4n3ZNZ4DVUd_10haven_core5nostr4keysNtB2_16EphemeralKeypair8generate
FN:199,_RNvXs_NtNtCs4n3ZNZ4DVUd_10haven_core5nostr4keysNtB4_16EphemeralKeypairNtNtCs3XFJfFEDSOQ_4core3fmt5Debug3fmt
FNDA:0,_RNvMNtNtCs4RgcrqJDxGn_10haven_core5nostr4keysNtB2_16EphemeralKeypair7keypair
FNDA:1,_RINvNvNtNtNtCs4RgcrqJDxGn_10haven_core5nostr4keys5testss_44ephemeral_keypair_implements_zeroize_on_drop22assert_zeroize_on_dropNtB6_16EphemeralKeypairEBa_
FNDA:1,_RNvNtNtNtCs4RgcrqJDxGn_10haven_core5nostr4keys5testss_22pubkey_hex_is_64_chars
FNDA:1,_RNvNtNtNtCs4RgcrqJDxGn_10haven_core5nostr4keys5testss_23pubkey_hex_is_valid_hex
FNDA:1,_RNvNtNtNtCs4RgcrqJDxGn_10haven_core5nostr4keys5testss_24pubkey_bytes_is_32_bytes
FNDA:1,_RNvNtNtNtCs4RgcrqJDxGn_10haven_core5nostr4keys5testss_25from_bytes_with_valid_key
FNDA:1,_RNvNtNtNtCs4RgcrqJDxGn_10haven_core5nostr4keys5testss_28from_bytes_with_all_ff_fails
FNDA:1,_RNvNtNtNtCs4RgcrqJDxGn_10haven_core5nostr4keys5testss_29sign_produces_valid_signature
FNDA:1,_RNvNtNtNtCs4RgcrqJDxGn_10haven_core5nostr4keys5testss_30debug_does_not_leak_secret_key
FNDA:1,_RNvNtNtNtCs4RgcrqJDxGn_10haven_core5nostr4keys5testss_30same_bytes_produce_same_pubkey
FNDA:1,_RNvNtNtNtCs4RgcrqJDxGn_10haven_core5nostr4keys5testss_31from_bytes_with_all_zeros_fails
FNDA:1,_RNvNtNtNtCs4RgcrqJDxGn_10haven_core5nostr4keys5testss_31generate_produces_valid_keypair
FNDA:1,_RNvNtNtNtCs4RgcrqJDxGn_10haven_core5nostr4keys5testss_31pubkey_bytes_matches_pubkey_hex
FNDA:1,_RNvNtNtNtCs4RgcrqJDxGn_10haven_core5nostr4keys5testss_34debug_output_contains_pubkey_value
FNDA:1,_RNvNtNtNtCs4RgcrqJDxGn_10haven_core5nostr4keys5testss_36from_bytes_with_curve_order_boundary
FNDA:1,_RNvNtNtNtCs4RgcrqJDxGn_10haven_core5nostr4keys5testss_41different_keypairs_have_different_pubkeys
FNDA:1,_RNvNtNtNtCs4RgcrqJDxGn_10haven_core5nostr4keys5testss_44ephemeral_keypair_implements_zeroize_on_drop
FNDA:0,_RNCNCNvMNtNtCs4RgcrqJDxGn_10haven_core5nostr4keysNtB6_16EphemeralKeypair4sign00Ba_
FNDA:3,_RNCNvMNtNtCs4RgcrqJDxGn_10haven_core5nostr4keysNtB4_16EphemeralKeypair10from_bytes0B8_
FNDA:36,_RNCNvMNtNtCs4RgcrqJDxGn_10haven_core5nostr4keysNtB4_16EphemeralKeypair4sign0B8_
FNDA:7,_RNvMNtNtCs4RgcrqJDxGn_10haven_core5nostr4keysNtB2_16EphemeralKeypair10from_bytes
FNDA:46,_RNvMNtNtCs4RgcrqJDxGn_10haven_core5nostr4keysNtB2_16EphemeralKeypair10pubkey_hex
FNDA:2,_RNvMNtNtCs4RgcrqJDxGn_10haven_core5nostr4keysNtB2_16EphemeralKeypair12pubkey_bytes
FNDA:36,_RNvMNtNtCs4RgcrqJDxGn_10haven_core5nostr4keysNtB2_16EphemeralKeypair4sign
FNDA:46,_RNvMNtNtCs4RgcrqJDxGn_10haven_core5nostr4keysNtB2_16EphemeralKeypair8generate
FNDA:2,_RNvXs_NtNtCs4RgcrqJDxGn_10haven_core5nostr4keysNtB4_16EphemeralKeypairNtNtCs3XFJfFEDSOQ_4core3fmt5Debug3fmt
FNDA:0,_RNCNCNvMNtNtCs4n3ZNZ4DVUd_10haven_core5nostr4keysNtB6_16EphemeralKeypair4sign00Ba_
FNDA:2,_RNCNvMNtNtCs4n3ZNZ4DVUd_10haven_core5nostr4keysNtB4_16EphemeralKeypair10from_bytes0B8_
FNDA:4840,_RNCNvMNtNtCs4n3ZNZ4DVUd_10haven_core5nostr4keysNtB4_16EphemeralKeypair4sign0B8_
FNDA:0,_RNvMNtNtCs4n3ZNZ4DVUd_10haven_core5nostr4keysNtB2_16EphemeralKeypair7keypair
FNDA:403,_RNvMNtNtCs4n3ZNZ4DVUd_10haven_core5nostr4keysNtB2_16EphemeralKeypair10from_bytes
FNDA:5240,_RNvMNtNtCs4n3ZNZ4DVUd_10haven_core5nostr4keysNtB2_16EphemeralKeypair10pubkey_hex
FNDA:0,_RNvMNtNtCs4n3ZNZ4DVUd_10haven_core5nostr4keysNtB2_16EphemeralKeypair12pubkey_bytes
FNDA:4840,_RNvMNtNtCs4n3ZNZ4DVUd_10haven_core5nostr4keysNtB2_16EphemeralKeypair4sign
FNDA:4940,_RNvMNtNtCs4n3ZNZ4DVUd_10haven_core5nostr4keysNtB2_16EphemeralKeypair8generate
FNDA:0,_RNvXs_NtNtCs4n3ZNZ4DVUd_10haven_core5nostr4keysNtB4_16EphemeralKeypairNtNtCs3XFJfFEDSOQ_4core3fmt5Debug3fmt
FNF:26
FNH:24
DA:67,4986
DA:68,4986
DA:71,4986
DA:72,4986
DA:73,4986
DA:75,4986
DA:76,4986
DA:77,4986
DA:78,4986
DA:79,4986
DA:100,410
DA:101,410
DA:102,410
DA:103,405
DA:104,405
DA:105,405
DA:107,405
DA:108,405
DA:109,405
DA:110,405
DA:111,410
DA:117,5286
DA:118,5286
DA:119,5286
DA:123,2
DA:124,2
DA:125,2
DA:146,4876
DA:150,4876
DA:153,4876
DA:154,4876
DA:155,4876
DA:156,4876
DA:157,4876
DA:158,4876
DA:159,4876
DA:163,4876
DA:165,4876
DA:166,4876
DA:183,0
DA:186,0
DA:187,0
DA:188,0
DA:189,0
DA:192,0
DA:194,0
DA:195,0
DA:199,2
DA:201,2
DA:202,2
DA:203,2
DA:204,2
DA:212,1
DA:213,1
DA:214,1
DA:215,1
DA:216,1
DA:219,1
DA:220,1
DA:221,1
DA:222,1
DA:225,1
DA:226,1
DA:227,1
DA:228,1
DA:231,1
DA:233,1
DA:234,1
DA:235,1
DA:236,1
DA:237,1
DA:240,1
DA:241,1
DA:242,1
DA:243,1
DA:244,1
DA:247,1
DA:248,1
DA:249,1
DA:250,1
DA:251,1
DA:252,1
DA:253,1
DA:256,1
DA:257,1
DA:258,1
DA:259,1
DA:260,1
DA:263,1
DA:264,1
DA:265,1
DA:267,1
DA:269,1
DA:270,1
DA:273,1
DA:274,1
DA:275,1
DA:276,1
DA:277,1
DA:278,1
DA:279,1
DA:282,1
DA:284,1
DA:285,1
DA:286,1
DA:287,1
DA:290,1
DA:291,1
DA:292,1
DA:294,1
DA:295,1
DA:298,1
DA:299,1
DA:300,1
DA:301,1
DA:303,1
DA:304,1
DA:307,1
DA:308,1
DA:309,1
DA:310,1
DA:313,1
DA:314,1
DA:317,1
DA:319,1
DA:320,1
DA:321,1
DA:324,1
DA:326,1
DA:327,1
DA:328,1
DA:329,1
DA:330,1
DA:331,1
DA:332,1
DA:333,0
DA:337,1
DA:338,1
DA:339,1
DA:340,1
DA:341,1
DA:342,1
DA:343,0
DA:345,1
BRF:0
BRH:0
LF:147
LH:136
end_of_record
SF:/home/efe/Repositories/Haven-App/haven-core/src/nostr/mls/context.rs
FN:154,_RNvMNtNtNtCs4RgcrqJDxGn_10haven_core5nostr3mls7contextNtB2_15MlsGroupContext12mls_group_id
FN:238,_RNvMNtNtNtCs4RgcrqJDxGn_10haven_core5nostr3mls7contextNtB2_15MlsGroupContext12update_epoch
FN:148,_RNvMNtNtNtCs4RgcrqJDxGn_10haven_core5nostr3mls7contextNtB2_15MlsGroupContext13is_mdk_backed
FN:142,_RNvMNtNtNtCs4RgcrqJDxGn_10haven_core5nostr3mls7contextNtB2_15MlsGroupContext14nostr_group_id
FN:257,_RNvMNtNtNtCs4RgcrqJDxGn_10haven_core5nostr3mls7contextNtB2_15MlsGroupContext14validate_epoch
FN:203,_RNvMNtNtNtCs4RgcrqJDxGn_10haven_core5nostr3mls7contextNtB2_15MlsGroupContext16conversation_key
FN:98,_RNvMNtNtNtCs4RgcrqJDxGn_10haven_core5nostr3mls7contextNtB2_15MlsGroupContext3new
FN:172,_RNvMNtNtNtCs4RgcrqJDxGn_10haven_core5nostr3mls7contextNtB2_15MlsGroupContext5epoch
FN:160,_RNvMNtNtNtCs4RgcrqJDxGn_10haven_core5nostr3mls7contextNtB2_15MlsGroupContext7manager
FN:267,_RNvXs_NtNtNtCs4RgcrqJDxGn_10haven_core5nostr3mls7contextNtB4_15MlsGroupContextNtNtCs3XFJfFEDSOQ_4core3fmt5Debug3fmt
FN:132,_RNvMNtNtNtCs4RgcrqJDxGn_10haven_core5nostr3mls7contextNtB2_15MlsGroupContext8from_mdk
FN:284,_RNvXs0_NtNtNtCs4RgcrqJDxGn_10haven_core5nostr3mls7contextNtB5_8MdkStateNtNtCs3XFJfFEDSOQ_4core3fmt5Debug3fmt
FN:181,_RNCNvMNtNtNtCs4RgcrqJDxGn_10haven_core5nostr3mls7contextNtB4_15MlsGroupContext5epoch0Ba_
FN:295,_RNvNtNtNtNtCs4RgcrqJDxGn_10haven_core5nostr3mls7context5tests11test_secret
FN:370,_RNvNtNtNtNtCs4RgcrqJDxGn_10haven_core5nostr3mls7context5testss_21mls_context_epoch_max
FN:363,_RNvNtNtNtNtCs4RgcrqJDxGn_10haven_core5nostr3mls7context5testss_22mls_context_epoch_zero
FN:407,_RNvNtNtNtNtCs4RgcrqJDxGn_10haven_core5nostr3mls7context5testss_23manager_none_for_legacy
FN:345,_RNvNtNtNtNtCs4RgcrqJDxGn_10haven_core5nostr3mls7context5testss_26debug_does_not_leak_secret
FN:302,_RNvNtNtNtNtCs4RgcrqJDxGn_10haven_core5nostr3mls7context5testss_26new_creates_legacy_context
FN:401,_RNvNtNtNtNtCs4RgcrqJDxGn_10haven_core5nostr3mls7context5testss_28mls_group_id_none_for_legacy
FN:377,_RNvNtNtNtNtCs4RgcrqJDxGn_10haven_core5nostr3mls7context5testss_31update_epoch_preserves_group_id
FN:355,_RNvNtNtNtNtCs4RgcrqJDxGn_10haven_core5nostr3mls7context5testss_35different_groups_have_different_ids
FN:317,_RNvNtNtNtNtCs4RgcrqJDxGn_10haven_core5nostr3mls7context5testss_38update_epoch_changes_values_for_legacy
FN:334,_RNvNtNtNtNtCs4RgcrqJDxGn_10haven_core5nostr3mls7context5testss_41validate_epoch_fails_for_mismatched_epoch
FN:328,_RNvNtNtNtNtCs4RgcrqJDxGn_10haven_core5nostr3mls7context5testss_42validate_epoch_succeeds_for_matching_epoch
FN:310,_RNvNtNtNtNtCs4RgcrqJDxGn_10haven_core5nostr3mls7context5testss_51conversation_key_returns_exporter_secret_for_legacy
FN:387,_RNvNtNtNtNtCs4RgcrqJDxGn_10haven_core5nostr3mls7context5testss_53different_secrets_produce_different_conversation_keys
FN:154,_RNvMNtNtNtCs4n3ZNZ4DVUd_10haven_core5nostr3mls7contextNtB2_15MlsGroupContext12mls_group_id
FN:238,_RNvMNtNtNtCs4n3ZNZ4DVUd_10haven_core5nostr3mls7contextNtB2_15MlsGroupContext12update_epoch
FN:148,_RNvMNtNtNtCs4n3ZNZ4DVUd_10haven_core5nostr3mls7contextNtB2_15MlsGroupContext13is_mdk_backed
FN:142,_RNvMNtNtNtCs4n3ZNZ4DVUd_10haven_core5nostr3mls7contextNtB2_15MlsGroupContext14nostr_group_id
FN:257,_RNvMNtNtNtCs4n3ZNZ4DVUd_10haven_core5nostr3mls7contextNtB2_15MlsGroupContext14validate_epoch
FN:203,_RNvMNtNtNtCs4n3ZNZ4DVUd_10haven_core5nostr3mls7contextNtB2_15MlsGroupContext16conversation_key
FN:98,_RNvMNtNtNtCs4n3ZNZ4DVUd_10haven_core5nostr3mls7contextNtB2_15MlsGroupContext3new
FN:172,_RNvMNtNtNtCs4n3ZNZ4DVUd_10haven_core5nostr3mls7contextNtB2_15MlsGroupContext5epoch
FN:160,_RNvMNtNtNtCs4n3ZNZ4DVUd_10haven_core5nostr3mls7contextNtB2_15MlsGroupContext7manager
FN:132,_RNvMNtNtNtCs4n3ZNZ4DVUd_10haven_core5nostr3mls7contextNtB2_15MlsGroupContext8from_mdk
FN:284,_RNvXs0_NtNtNtCs4n3ZNZ4DVUd_10haven_core5nostr3mls7contextNtB5_8MdkStateNtNtCs3XFJfFEDSOQ_4core3fmt5Debug3fmt
FN:267,_RNvXs_NtNtNtCs4n3ZNZ4DVUd_10haven_core5nostr3mls7contextNtB4_15MlsGroupContextNtNtCs3XFJfFEDSOQ_4core3fmt5Debug3fmt
FN:181,_RNCNvMNtNtNtCs4n3ZNZ4DVUd_10haven_core5nostr3mls7contextNtB4_15MlsGroupContext5epoch0Ba_
FNDA:1,_RNvMNtNtNtCs4RgcrqJDxGn_10haven_core5nostr3mls7contextNtB2_15MlsGroupContext12mls_group_id
FNDA:2,_RNvMNtNtNtCs4RgcrqJDxGn_10haven_core5nostr3mls7contextNtB2_15MlsGroupContext12update_epoch
FNDA:2,_RNvMNtNtNtCs4RgcrqJDxGn_10haven_core5nostr3mls7contextNtB2_15MlsGroupContext13is_mdk_backed
FNDA:31,_RNvMNtNtNtCs4RgcrqJDxGn_10haven_core5nostr3mls7contextNtB2_15MlsGroupContext14nostr_group_id
FNDA:4,_RNvMNtNtNtCs4RgcrqJDxGn_10haven_core5nostr3mls7contextNtB2_15MlsGroupContext14validate_epoch
FNDA:28,_RNvMNtNtNtCs4RgcrqJDxGn_10haven_core5nostr3mls7contextNtB2_15MlsGroupContext16conversation_key
FNDA:36,_RNvMNtNtNtCs4RgcrqJDxGn_10haven_core5nostr3mls7contextNtB2_15MlsGroupContext3new
FNDA:8,_RNvMNtNtNtCs4RgcrqJDxGn_10haven_core5nostr3mls7contextNtB2_15MlsGroupContext5epoch
FNDA:1,_RNvMNtNtNtCs4RgcrqJDxGn_10haven_core5nostr3mls7contextNtB2_15MlsGroupContext7manager
FNDA:1,_RNvXs_NtNtNtCs4RgcrqJDxGn_10haven_core5nostr3mls7contextNtB4_15MlsGroupContextNtNtCs3XFJfFEDSOQ_4core3fmt5Debug3fmt
FNDA:0,_RNvMNtNtNtCs4RgcrqJDxGn_10haven_core5nostr3mls7contextNtB2_15MlsGroupContext8from_mdk
FNDA:0,_RNvXs0_NtNtNtCs4RgcrqJDxGn_10haven_core5nostr3mls7contextNtB5_8MdkStateNtNtCs3XFJfFEDSOQ_4core3fmt5Debug3fmt
FNDA:0,_RNCNvMNtNtNtCs4RgcrqJDxGn_10haven_core5nostr3mls7contextNtB4_15MlsGroupContext5epoch0Ba_
FNDA:13,_RNvNtNtNtNtCs4RgcrqJDxGn_10haven_core5nostr3mls7context5tests11test_secret
FNDA:1,_RNvNtNtNtNtCs4RgcrqJDxGn_10haven_core5nostr3mls7context5testss_21mls_context_epoch_max
FNDA:1,_RNvNtNtNtNtCs4RgcrqJDxGn_10haven_core5nostr3mls7context5testss_22mls_context_epoch_zero
FNDA:1,_RNvNtNtNtNtCs4RgcrqJDxGn_10haven_core5nostr3mls7context5testss_23manager_none_for_legacy
FNDA:1,_RNvNtNtNtNtCs4RgcrqJDxGn_10haven_core5nostr3mls7context5testss_26debug_does_not_leak_secret
FNDA:1,_RNvNtNtNtNtCs4RgcrqJDxGn_10haven_core5nostr3mls7context5testss_26new_creates_legacy_context
FNDA:1,_RNvNtNtNtNtCs4RgcrqJDxGn_10haven_core5nostr3mls7context5testss_28mls_group_id_none_for_legacy
FNDA:1,_RNvNtNtNtNtCs4RgcrqJDxGn_10haven_core5nostr3mls7context5testss_31update_epoch_preserves_group_id
FNDA:1,_RNvNtNtNtNtCs4RgcrqJDxGn_10haven_core5nostr3mls7context5testss_35different_groups_have_different_ids
FNDA:1,_RNvNtNtNtNtCs4RgcrqJDxGn_10haven_core5nostr3mls7context5testss_38update_epoch_changes_values_for_legacy
FNDA:1,_RNvNtNtNtNtCs4RgcrqJDxGn_10haven_core5nostr3mls7context5testss_41validate_epoch_fails_for_mismatched_epoch
FNDA:1,_RNvNtNtNtNtCs4RgcrqJDxGn_10haven_core5nostr3mls7context5testss_42validate_epoch_succeeds_for_matching_epoch
FNDA:1,_RNvNtNtNtNtCs4RgcrqJDxGn_10haven_core5nostr3mls7context5testss_51conversation_key_returns_exporter_secret_for_legacy
FNDA:1,_RNvNtNtNtNtCs4RgcrqJDxGn_10haven_core5nostr3mls7context5testss_53different_secrets_produce_different_conversation_keys
FNDA:2,_RNvMNtNtNtCs4n3ZNZ4DVUd_10haven_core5nostr3mls7contextNtB2_15MlsGroupContext12mls_group_id
FNDA:12,_RNvMNtNtNtCs4n3ZNZ4DVUd_10haven_core5nostr3mls7contextNtB2_15MlsGroupContext12update_epoch
FNDA:2,_RNvMNtNtNtCs4n3ZNZ4DVUd_10haven_core5nostr3mls7contextNtB2_15MlsGroupContext13is_mdk_backed
FNDA:6680,_RNvMNtNtNtCs4n3ZNZ4DVUd_10haven_core5nostr3mls7contextNtB2_15MlsGroupContext14nostr_group_id
FNDA:201,_RNvMNtNtNtCs4n3ZNZ4DVUd_10haven_core5nostr3mls7contextNtB2_15MlsGroupContext14validate_epoch
FNDA:6789,_RNvMNtNtNtCs4n3ZNZ4DVUd_10haven_core5nostr3mls7contextNtB2_15MlsGroupContext16conversation_key
FNDA:3211,_RNvMNtNtNtCs4n3ZNZ4DVUd_10haven_core5nostr3mls7contextNtB2_15MlsGroupContext3new
FNDA:213,_RNvMNtNtNtCs4n3ZNZ4DVUd_10haven_core5nostr3mls7contextNtB2_15MlsGroupContext5epoch
FNDA:1,_RNvMNtNtNtCs4n3ZNZ4DVUd_10haven_core5nostr3mls7contextNtB2_15MlsGroupContext7manager
FNDA:8,_RNvMNtNtNtCs4n3ZNZ4DVUd_10haven_core5nostr3mls7contextNtB2_15MlsGroupContext8from_mdk
FNDA:0,_RNvXs0_NtNtNtCs4n3ZNZ4DVUd_10haven_core5nostr3mls7contextNtB5_8MdkStateNtNtCs3XFJfFEDSOQ_4core3fmt5Debug3fmt
FNDA:1,_RNvXs_NtNtNtCs4n3ZNZ4DVUd_10haven_core5nostr3mls7contextNtB4_15MlsGroupContextNtNtCs3XFJfFEDSOQ_4core3fmt5Debug3fmt
FNDA:2,_RNCNvMNtNtNtCs4n3ZNZ4DVUd_10haven_core5nostr3mls7contextNtB4_15MlsGroupContext5epoch0Ba_
FNF:27
FNH:26
DA:98,3247
DA:99,3247
DA:100,3247
DA:101,3247
DA:102,3247
DA:103,3247
DA:104,3247
DA:105,3247
DA:106,3247
DA:107,3247
DA:132,8
DA:133,8
DA:134,8
DA:135,8
DA:136,8
DA:137,8
DA:138,8
DA:142,6711
DA:143,6711
DA:144,6711
DA:148,4
DA:149,4
DA:150,4
DA:154,3
DA:155,3
DA:156,3
DA:160,2
DA:161,2
DA:162,2
DA:172,221
DA:173,221
DA:174,219
DA:175,2
DA:177,2
DA:178,2
DA:179,2
DA:180,2
DA:181,2
DA:182,0
DA:183,0
DA:185,0
DA:186,221
DA:203,6817
DA:204,6817
DA:205,6816
DA:206,1
DA:211,1
DA:212,1
DA:213,1
DA:214,1
DA:215,1
DA:216,6817
DA:238,14
DA:239,14
DA:241,13
DA:242,13
DA:243,13
DA:244,13
DA:245,1
DA:247,1
DA:248,1
DA:249,1
DA:250,14
DA:257,205
DA:258,205
DA:259,204
DA:260,101
DA:261,103
DA:262,103
DA:263,205
DA:267,2
DA:268,2
DA:269,1
DA:271,1
DA:274,2
DA:275,2
DA:276,2
DA:277,2
DA:278,2
DA:279,2
DA:284,0
DA:285,0
DA:286,0
DA:287,0
DA:288,0
DA:295,13
DA:296,13
DA:297,13
DA:298,13
DA:299,13
DA:302,1
DA:303,1
DA:304,1
DA:305,1
DA:306,1
DA:307,1
DA:310,1
DA:311,1
DA:312,1
DA:313,1
DA:314,1
DA:317,1
DA:318,1
DA:320,1
DA:321,1
DA:323,1
DA:324,1
DA:325,1
DA:328,1
DA:329,1
DA:330,1
DA:331,1
DA:334,1
DA:335,1
DA:336,1
DA:337,1
DA:338,1
DA:339,1
[...]
DA:545,1
DA:546,1
DA:553,1
DA:554,1
DA:556,1
DA:557,1
DA:558,1
DA:559,1
DA:561,1
DA:562,1
DA:564,0
DA:566,1
DA:569,1
DA:570,1
DA:572,1
DA:573,1
DA:574,1
DA:575,1
DA:577,1
DA:578,1
DA:580,0
DA:582,1
DA:585,1
DA:586,1
DA:588,1
DA:589,1
DA:590,1
DA:591,1
DA:594,1
DA:595,1
DA:596,1
DA:598,1
DA:599,1
DA:601,0
DA:603,1
BRF:0
BRH:0
LF:276
LH:232
end_of_record
SF:/home/efe/Repositories/Haven-App/haven-core/src/nostr/mls/storage.rs
FN:38,_RINvMNtNtNtCs4RgcrqJDxGn_10haven_core5nostr3mls7storageNtB3_13StorageConfig3newRNtNtCsHIej2QEFI5_3std4path4PathEB9_
FN:38,_RINvMNtNtNtCs4RgcrqJDxGn_10haven_core5nostr3mls7storageNtB3_13StorageConfig3newRNtNtCsHIej2QEFI5_3std4path7PathBufEB9_
FN:38,_RINvMNtNtNtCs4RgcrqJDxGn_10haven_core5nostr3mls7storageNtB3_13StorageConfig3newReEB9_
FN:63,_RNCNvMNtNtNtCs4RgcrqJDxGn_10haven_core5nostr3mls7storageNtB4_13StorageConfig14create_storage0Ba_
FN:74,_RNCNvMNtNtNtCs4RgcrqJDxGn_10haven_core5nostr3mls7storageNtB4_13StorageConfig14create_storages_0Ba_
FN:115,_RNCNvNtNtNtNtCs4RgcrqJDxGn_10haven_core5nostr3mls7storage5testss_29storage_config_create_storage0Bb_
FN:46,_RNvMNtNtNtCs4RgcrqJDxGn_10haven_core5nostr3mls7storageNtB2_13StorageConfig13database_path
FN:61,_RNvMNtNtNtCs4RgcrqJDxGn_10haven_core5nostr3mls7storageNtB2_13StorageConfig14create_storage
FN:86,_RNvNtNtNtNtCs4RgcrqJDxGn_10haven_core5nostr3mls7storage5tests15unique_temp_dir
FN:92,_RNvNtNtNtNtCs4RgcrqJDxGn_10haven_core5nostr3mls7storage5testss_18storage_config_new
FN:166,_RNvNtNtNtNtCs4RgcrqJDxGn_10haven_core5nostr3mls7storage5testss_25storage_config_empty_path
FN:173,_RNvNtNtNtNtCs4RgcrqJDxGn_10haven_core5nostr3mls7storage5testss_27storage_config_unicode_path
FN:148,_RNvNtNtNtNtCs4RgcrqJDxGn_10haven_core5nostr3mls7storage5testss_27storage_config_with_pathbuf
FN:98,_RNvNtNtNtNtCs4RgcrqJDxGn_10haven_core5nostr3mls7storage5testss_28storage_config_database_path
FN:160,_RNvNtNtNtNtCs4RgcrqJDxGn_10haven_core5nostr3mls7storage5testss_28storage_config_relative_path
FN:107,_RNvNtNtNtNtCs4RgcrqJDxGn_10haven_core5nostr3mls7storage5testss_29storage_config_create_storage
FN:136,_RNvNtNtNtNtCs4RgcrqJDxGn_10haven_core5nostr3mls7storage5testss_30storage_config_clone_and_debug
FN:123,_RNvNtNtNtNtCs4RgcrqJDxGn_10haven_core5nostr3mls7storage5testss_41storage_config_creates_nested_directories
FN:38,_RINvMNtNtNtCs4n3ZNZ4DVUd_10haven_core5nostr3mls7storageNtB3_13StorageConfig3newRNtNtCsHIej2QEFI5_3std4path7PathBufECseHzZPpVfP6c_21mls_integration_tests
FN:38,_RINvMNtNtNtCs4n3ZNZ4DVUd_10haven_core5nostr3mls7storageNtB3_13StorageConfig3newReECseHzZPpVfP6c_21mls_integration_tests
FN:38,_RINvMNtNtNtCs4n3ZNZ4DVUd_10haven_core5nostr3mls7storageNtB3_13StorageConfig3newRNtNtCsHIej2QEFI5_3std4path4PathEB9_
FN:63,_RNCNvMNtNtNtCs4n3ZNZ4DVUd_10haven_core5nostr3mls7storageNtB4_13StorageConfig14create_storage0Ba_
FN:74,_RNCNvMNtNtNtCs4n3ZNZ4DVUd_10haven_core5nostr3mls7storageNtB4_13StorageConfig14create_storages_0Ba_
FN:46,_RNvMNtNtNtCs4n3ZNZ4DVUd_10haven_core5nostr3mls7storageNtB2_13StorageConfig13database_path
FN:61,_RNvMNtNtNtCs4n3ZNZ4DVUd_10haven_core5nostr3mls7storageNtB2_13StorageConfig14create_storage
FNDA:12,_RINvMNtNtNtCs4RgcrqJDxGn_10haven_core5nostr3mls7storageNtB3_13StorageConfig3newRNtNtCsHIej2QEFI5_3std4path4PathEB9_
FNDA:3,_RINvMNtNtNtCs4RgcrqJDxGn_10haven_core5nostr3mls7storageNtB3_13StorageConfig3newRNtNtCsHIej2QEFI5_3std4path7PathBufEB9_
FNDA:6,_RINvMNtNtNtCs4RgcrqJDxGn_10haven_core5nostr3mls7storageNtB3_13StorageConfig3newReEB9_
FNDA:0,_RNCNvMNtNtNtCs4RgcrqJDxGn_10haven_core5nostr3mls7storageNtB4_13StorageConfig14create_storage0Ba_
FNDA:0,_RNCNvMNtNtNtCs4RgcrqJDxGn_10haven_core5nostr3mls7storageNtB4_13StorageConfig14create_storages_0Ba_
FNDA:0,_RNCNvNtNtNtNtCs4RgcrqJDxGn_10haven_core5nostr3mls7storage5testss_29storage_config_create_storage0Bb_
FNDA:17,_RNvMNtNtNtCs4RgcrqJDxGn_10haven_core5nostr3mls7storageNtB2_13StorageConfig13database_path
FNDA:14,_RNvMNtNtNtCs4RgcrqJDxGn_10haven_core5nostr3mls7storageNtB2_13StorageConfig14create_storage
FNDA:2,_RNvNtNtNtNtCs4RgcrqJDxGn_10haven_core5nostr3mls7storage5tests15unique_temp_dir
FNDA:1,_RNvNtNtNtNtCs4RgcrqJDxGn_10haven_core5nostr3mls7storage5testss_18storage_config_new
FNDA:1,_RNvNtNtNtNtCs4RgcrqJDxGn_10haven_core5nostr3mls7storage5testss_25storage_config_empty_path
FNDA:1,_RNvNtNtNtNtCs4RgcrqJDxGn_10haven_core5nostr3mls7storage5testss_27storage_config_unicode_path
FNDA:1,_RNvNtNtNtNtCs4RgcrqJDxGn_10haven_core5nostr3mls7storage5testss_27storage_config_with_pathbuf
FNDA:1,_RNvNtNtNtNtCs4RgcrqJDxGn_10haven_core5nostr3mls7storage5testss_28storage_config_database_path
FNDA:1,_RNvNtNtNtNtCs4RgcrqJDxGn_10haven_core5nostr3mls7storage5testss_28storage_config_relative_path
FNDA:1,_RNvNtNtNtNtCs4RgcrqJDxGn_10haven_core5nostr3mls7storage5testss_29storage_config_create_storage
FNDA:1,_RNvNtNtNtNtCs4RgcrqJDxGn_10haven_core5nostr3mls7storage5testss_30storage_config_clone_and_debug
FNDA:1,_RNvNtNtNtNtCs4RgcrqJDxGn_10haven_core5nostr3mls7storage5testss_41storage_config_creates_nested_directories
FNDA:3,_RINvMNtNtNtCs4n3ZNZ4DVUd_10haven_core5nostr3mls7storageNtB3_13StorageConfig3newRNtNtCsHIej2QEFI5_3std4path7PathBufECseHzZPpVfP6c_21mls_integration_tests
FNDA:4,_RINvMNtNtNtCs4n3ZNZ4DVUd_10haven_core5nostr3mls7storageNtB3_13StorageConfig3newReECseHzZPpVfP6c_21mls_integration_tests
FNDA:16,_RINvMNtNtNtCs4n3ZNZ4DVUd_10haven_core5nostr3mls7storageNtB3_13StorageConfig3newRNtNtCsHIej2QEFI5_3std4path4PathEB9_
FNDA:0,_RNCNvMNtNtNtCs4n3ZNZ4DVUd_10haven_core5nostr3mls7storageNtB4_13StorageConfig14create_storage0Ba_
FNDA:0,_RNCNvMNtNtNtCs4n3ZNZ4DVUd_10haven_core5nostr3mls7storageNtB4_13StorageConfig14create_storages_0Ba_
FNDA:21,_RNvMNtNtNtCs4n3ZNZ4DVUd_10haven_core5nostr3mls7storageNtB2_13StorageConfig13database_path
FNDA:18,_RNvMNtNtNtCs4n3ZNZ4DVUd_10haven_core5nostr3mls7storageNtB2_13StorageConfig14create_storage
FNF:16
FNH:13
DA:38,44
DA:39,44
DA:40,44
DA:41,44
DA:42,44
DA:46,38
DA:47,38
DA:48,38
DA:61,32
DA:63,32
DA:64,0
DA:65,0
DA:66,0
DA:67,0
DA:68,0
DA:69,0
DA:72,32
DA:73,32
DA:74,32
DA:75,32
DA:86,2
DA:87,2
DA:88,2
DA:89,2
DA:92,1
DA:93,1
DA:94,1
DA:95,1
DA:98,1
DA:99,1
DA:100,1
DA:101,1
DA:102,1
DA:104,1
DA:107,1
DA:108,1
DA:109,1
DA:111,1
DA:112,1
DA:113,1
DA:114,0
DA:115,0
DA:119,1
DA:120,1
DA:123,1
DA:124,1
DA:125,1
DA:126,1
DA:128,1
DA:129,1
DA:130,1
DA:132,1
DA:133,1
DA:136,1
DA:137,1
DA:138,1
DA:140,1
DA:142,1
DA:143,1
DA:144,1
DA:145,1
DA:148,1
DA:149,1
DA:150,1
DA:152,1
DA:153,1
DA:154,1
DA:155,1
DA:157,1
DA:160,1
DA:161,1
DA:162,1
DA:163,1
DA:166,1
DA:167,1
DA:168,1
DA:169,1
DA:170,1
DA:173,1
DA:174,1
DA:175,1
DA:176,1
BRF:0
BRH:0
LF:86
LH:74
end_of_record
SF:/home/efe/Repositories/Haven-App/haven-core/src/nostr/mls/types.rs
FN:113,_RNvMs_NtNtNtCs4RgcrqJDxGn_10haven_core5nostr3mls5typesNtB4_17LocationGroupInfo14from_mls_group
FN:83,_RINvMNtNtNtCs4RgcrqJDxGn_10haven_core5nostr3mls5typesNtB3_19LocationGroupConfig10with_adminRNtNtCsgag4BwXrjBQ_5alloc6string6StringEB9_
FN:83,_RINvMNtNtNtCs4RgcrqJDxGn_10haven_core5nostr3mls5typesNtB3_19LocationGroupConfig10with_adminReEB9_
FN:69,_RINvMNtNtNtCs4RgcrqJDxGn_10haven_core5nostr3mls5typesNtB3_19LocationGroupConfig10with_relayReEB9_
FN:76,_RINvMNtNtNtCs4RgcrqJDxGn_10haven_core5nostr3mls5typesNtB3_19LocationGroupConfig11with_relaysReAB1s_j2_EB9_
FN:76,_RINvMNtNtNtCs4RgcrqJDxGn_10haven_core5nostr3mls5typesNtB3_19LocationGroupConfig11with_relaysReINtNtCsgag4BwXrjBQ_5alloc3vec3VecB1s_EEB9_
FN:62,_RINvMNtNtNtCs4RgcrqJDxGn_10haven_core5nostr3mls5typesNtB3_19LocationGroupConfig16with_descriptionReEB9_
FN:51,_RINvMNtNtNtCs4RgcrqJDxGn_10haven_core5nostr3mls5typesNtB3_19LocationGroupConfig3newReEB9_
FN:196,_RNvNtNtNtNtCs4RgcrqJDxGn_10haven_core5nostr3mls5types5testss_25location_group_info_clone
FN:178,_RNvNtNtNtNtCs4RgcrqJDxGn_10haven_core5nostr3mls5types5testss_32location_group_info_debug_output
FN:170,_RNvNtNtNtNtCs4RgcrqJDxGn_10haven_core5nostr3mls5types5testss_33location_group_config_with_relays
FN:215,_RNvNtNtNtNtCs4RgcrqJDxGn_10haven_core5nostr3mls5types5testss_36location_group_config_default_values
FN:156,_RNvNtNtNtNtCs4RgcrqJDxGn_10haven_core5nostr3mls5types5testss_37location_group_config_builder_pattern
FN:237,_RNvNtNtNtNtCs4RgcrqJDxGn_10haven_core5nostr3mls5types5testss_40location_message_result_location_variant
FN:225,_RNvNtNtNtNtCs4RgcrqJDxGn_10haven_core5nostr3mls5types5testss_41location_group_config_chained_with_relays
FN:260,_RNvNtNtNtNtCs4RgcrqJDxGn_10haven_core5nostr3mls5types5testss_44location_message_result_group_update_variant
FN:272,_RNvNtNtNtNtCs4RgcrqJDxGn_10haven_core5nostr3mls5types5testss_45location_message_result_unprocessable_variant
FN:83,_RINvMNtNtNtCs4n3ZNZ4DVUd_10haven_core5nostr3mls5typesNtB3_19LocationGroupConfig10with_adminReECseHzZPpVfP6c_21mls_integration_tests
FN:69,_RINvMNtNtNtCs4n3ZNZ4DVUd_10haven_core5nostr3mls5typesNtB3_19LocationGroupConfig10with_relayReECseHzZPpVfP6c_21mls_integration_tests
FN:76,_RINvMNtNtNtCs4n3ZNZ4DVUd_10haven_core5nostr3mls5typesNtB3_19LocationGroupConfig11with_relaysNtNtCsgag4BwXrjBQ_5alloc6string6StringINtNtB1w_3vec3VecB1s_EECseHzZPpVfP6c_21mls_integration_tests
FN:76,_RINvMNtNtNtCs4n3ZNZ4DVUd_10haven_core5nostr3mls5typesNtB3_19LocationGroupConfig11with_relaysReAB1s_j3_ECseHzZPpVfP6c_21mls_integration_tests
FN:62,_RINvMNtNtNtCs4n3ZNZ4DVUd_10haven_core5nostr3mls5typesNtB3_19LocationGroupConfig16with_descriptionReECseHzZPpVfP6c_21mls_integration_tests
FN:51,_RINvMNtNtNtCs4n3ZNZ4DVUd_10haven_core5nostr3mls5typesNtB3_19LocationGroupConfig3newReECseHzZPpVfP6c_21mls_integration_tests
FN:83,_RINvMNtNtNtCs4n3ZNZ4DVUd_10haven_core5nostr3mls5typesNtB3_19LocationGroupConfig10with_adminpEB9_
FN:69,_RINvMNtNtNtCs4n3ZNZ4DVUd_10haven_core5nostr3mls5typesNtB3_19LocationGroupConfig10with_relaypEB9_
FN:76,_RINvMNtNtNtCs4n3ZNZ4DVUd_10haven_core5nostr3mls5typesNtB3_19LocationGroupConfig11with_relaysppEB9_
FN:62,_RINvMNtNtNtCs4n3ZNZ4DVUd_10haven_core5nostr3mls5typesNtB3_19LocationGroupConfig16with_descriptionpEB9_
FN:51,_RINvMNtNtNtCs4n3ZNZ4DVUd_10haven_core5nostr3mls5typesNtB3_19LocationGroupConfig3newpEB9_
FN:113,_RNvMs_NtNtNtCs4n3ZNZ4DVUd_10haven_core5nostr3mls5typesNtB4_17LocationGroupInfo14from_mls_group
FNDA:0,_RNvMs_NtNtNtCs4RgcrqJDxGn_10haven_core5nostr3mls5typesNtB4_17LocationGroupInfo14from_mls_group
FNDA:1,_RINvMNtNtNtCs4RgcrqJDxGn_10haven_core5nostr3mls5typesNtB3_19LocationGroupConfig10with_adminRNtNtCsgag4BwXrjBQ_5alloc6string6StringEB9_
FNDA:3,_RINvMNtNtNtCs4RgcrqJDxGn_10haven_core5nostr3mls5typesNtB3_19LocationGroupConfig10with_adminReEB9_
FNDA:8,_RINvMNtNtNtCs4RgcrqJDxGn_10haven_core5nostr3mls5typesNtB3_19LocationGroupConfig10with_relayReEB9_
FNDA:1,_RINvMNtNtNtCs4RgcrqJDxGn_10haven_core5nostr3mls5typesNtB3_19LocationGroupConfig11with_relaysReAB1s_j2_EB9_
FNDA:1,_RINvMNtNtNtCs4RgcrqJDxGn_10haven_core5nostr3mls5typesNtB3_19LocationGroupConfig11with_relaysReINtNtCsgag4BwXrjBQ_5alloc3vec3VecB1s_EEB9_
FNDA:1,_RINvMNtNtNtCs4RgcrqJDxGn_10haven_core5nostr3mls5typesNtB3_19LocationGroupConfig16with_descriptionReEB9_
FNDA:8,_RINvMNtNtNtCs4RgcrqJDxGn_10haven_core5nostr3mls5typesNtB3_19LocationGroupConfig3newReEB9_
FNDA:1,_RNvNtNtNtNtCs4RgcrqJDxGn_10haven_core5nostr3mls5types5testss_25location_group_info_clone
FNDA:1,_RNvNtNtNtNtCs4RgcrqJDxGn_10haven_core5nostr3mls5types5testss_32location_group_info_debug_output
FNDA:1,_RNvNtNtNtNtCs4RgcrqJDxGn_10haven_core5nostr3mls5types5testss_33location_group_config_with_relays
FNDA:1,_RNvNtNtNtNtCs4RgcrqJDxGn_10haven_core5nostr3mls5types5testss_36location_group_config_default_values
FNDA:1,_RNvNtNtNtNtCs4RgcrqJDxGn_10haven_core5nostr3mls5types5testss_37location_group_config_builder_pattern
FNDA:1,_RNvNtNtNtNtCs4RgcrqJDxGn_10haven_core5nostr3mls5types5testss_40location_message_result_location_variant
FNDA:1,_RNvNtNtNtNtCs4RgcrqJDxGn_10haven_core5nostr3mls5types5testss_41location_group_config_chained_with_relays
FNDA:1,_RNvNtNtNtNtCs4RgcrqJDxGn_10haven_core5nostr3mls5types5testss_44location_message_result_group_update_variant
FNDA:1,_RNvNtNtNtNtCs4RgcrqJDxGn_10haven_core5nostr3mls5types5testss_45location_message_result_unprocessable_variant
FNDA:5,_RINvMNtNtNtCs4n3ZNZ4DVUd_10haven_core5nostr3mls5typesNtB3_19LocationGroupConfig10with_adminReECseHzZPpVfP6c_21mls_integration_tests
FNDA:3,_RINvMNtNtNtCs4n3ZNZ4DVUd_10haven_core5nostr3mls5typesNtB3_19LocationGroupConfig10with_relayReECseHzZPpVfP6c_21mls_integration_tests
FNDA:1,_RINvMNtNtNtCs4n3ZNZ4DVUd_10haven_core5nostr3mls5typesNtB3_19LocationGroupConfig11with_relaysNtNtCsgag4BwXrjBQ_5alloc6string6StringINtNtB1w_3vec3VecB1s_EECseHzZPpVfP6c_21mls_integration_tests
FNDA:1,_RINvMNtNtNtCs4n3ZNZ4DVUd_10haven_core5nostr3mls5typesNtB3_19LocationGroupConfig11with_relaysReAB1s_j3_ECseHzZPpVfP6c_21mls_integration_tests
FNDA:4,_RINvMNtNtNtCs4n3ZNZ4DVUd_10haven_core5nostr3mls5typesNtB3_19LocationGroupConfig16with_descriptionReECseHzZPpVfP6c_21mls_integration_tests
FNDA:9,_RINvMNtNtNtCs4n3ZNZ4DVUd_10haven_core5nostr3mls5typesNtB3_19LocationGroupConfig3newReECseHzZPpVfP6c_21mls_integration_tests
FNDA:0,_RINvMNtNtNtCs4n3ZNZ4DVUd_10haven_core5nostr3mls5typesNtB3_19LocationGroupConfig10with_adminpEB9_
FNDA:0,_RINvMNtNtNtCs4n3ZNZ4DVUd_10haven_core5nostr3mls5typesNtB3_19LocationGroupConfig10with_relaypEB9_
FNDA:0,_RINvMNtNtNtCs4n3ZNZ4DVUd_10haven_core5nostr3mls5typesNtB3_19LocationGroupConfig11with_relaysppEB9_
FNDA:0,_RINvMNtNtNtCs4n3ZNZ4DVUd_10haven_core5nostr3mls5typesNtB3_19LocationGroupConfig16with_descriptionpEB9_
FNDA:0,_RINvMNtNtNtCs4n3ZNZ4DVUd_10haven_core5nostr3mls5typesNtB3_19LocationGroupConfig3newpEB9_
FNDA:0,_RNvMs_NtNtNtCs4n3ZNZ4DVUd_10haven_core5nostr3mls5typesNtB4_17LocationGroupInfo14from_mls_group
FNF:15
FNH:14
DA:51,17
DA:52,17
DA:53,17
DA:54,17
DA:55,17
DA:56,17
DA:57,17
DA:58,17
DA:62,5
DA:63,5
DA:64,5
DA:65,5
DA:69,11
DA:70,11
DA:71,11
DA:72,11
DA:76,4
DA:77,4
DA:78,4
DA:79,4
DA:83,9
DA:84,9
DA:85,9
DA:86,9
DA:113,0
DA:114,0
DA:115,0
DA:116,0
DA:117,0
DA:118,0
DA:119,0
DA:120,0
DA:121,0
DA:122,0
DA:156,1
DA:157,1
DA:158,1
DA:159,1
DA:160,1
DA:161,1
DA:163,1
DA:164,1
DA:165,1
DA:166,1
DA:167,1
DA:170,1
DA:171,1
DA:172,1
DA:174,1
DA:175,1
DA:178,1
DA:179,1
DA:180,1
DA:181,1
DA:182,1
DA:183,1
DA:184,1
DA:185,1
DA:186,1
DA:188,1
DA:189,1
DA:190,1
DA:191,1
DA:192,1
DA:193,1
DA:196,1
DA:197,1
DA:198,1
DA:199,1
DA:200,1
DA:201,1
DA:202,1
DA:203,1
DA:204,1
DA:206,1
DA:208,1
DA:209,1
DA:210,1
DA:211,1
DA:212,1
DA:215,1
DA:216,1
DA:218,1
DA:219,1
DA:220,1
DA:221,1
DA:222,1
DA:225,1
DA:226,1
DA:227,1
DA:228,1
DA:229,1
DA:231,1
DA:232,1
DA:233,1
DA:234,1
DA:237,1
DA:238,1
DA:239,1
DA:240,1
DA:241,1
DA:242,1
DA:243,1
DA:247,1
DA:248,1
DA:250,1
DA:252,1
DA:253,1
DA:255,0
DA:257,1
DA:260,1
DA:261,1
DA:262,1
DA:264,1
DA:265,1
DA:267,0
DA:269,1
DA:272,1
DA:273,1
DA:274,1
DA:275,1
DA:276,1
DA:277,1
DA:279,1
DA:280,1
DA:282,0
DA:284,1
BRF:0
BRH:0
LF:127
LH:114
end_of_record
SF:/home/efe/Repositories/Haven-App/haven-core/src/nostr/tags.rs
FN:122,_RNvMNtNtCs4RgcrqJDxGn_10haven_core5nostr4tagsNtB2_10TagBuilder11geohash_tag
FN:72,_RNvMNtNtCs4RgcrqJDxGn_10haven_core5nostr4tagsNtB2_10TagBuilder14expiration_tag
FN:94,_RNvMNtNtCs4RgcrqJDxGn_10haven_core5nostr4tagsNtB2_10TagBuilder5d_tag
FN:48,_RNvMNtNtCs4RgcrqJDxGn_10haven_core5nostr4tagsNtB2_10TagBuilder5h_tag
FN:137,_RNvMNtNtCs4RgcrqJDxGn_10haven_core5nostr4tagsNtB2_10TagBuilder7alt_tag
FN:183,_RNvNtNtNtCs4RgcrqJDxGn_10haven_core5nostr4tags5testss_12d_tag_format
FN:148,_RNvNtNtNtCs4RgcrqJDxGn_10haven_core5nostr4tags5testss_12h_tag_format
FN:213,_RNvNtNtNtCs4RgcrqJDxGn_10haven_core5nostr4tags5testss_14alt_tag_format
FN:233,_RNvNtNtNtCs4RgcrqJDxGn_10haven_core5nostr4tags5testss_14h_tag_empty_id
FN:156,_RNvNtNtNtCs4RgcrqJDxGn_10haven_core5nostr4tags5testss_17h_tag_with_hex_id
FN:163,_RNvNtNtNtCs4RgcrqJDxGn_10haven_core5nostr4tags5testss_21expiration_tag_format
FN:241,_RNvNtNtNtCs4RgcrqJDxGn_10haven_core5nostr4tags5testss_22d_tag_empty_identifier
FN:207,_RNvNtNtNtCs4RgcrqJDxGn_10haven_core5nostr4tags5testss_23geohash_tag_precision_8
FN:255,_RNvNtNtNtCs4RgcrqJDxGn_10haven_core5nostr4tags5testss_24expiration_tag_past_date
FN:221,_RNvNtNtNtCs4RgcrqJDxGn_10haven_core5nostr4tags5testss_25geohash_tag_empty_geohash
FN:249,_RNvNtNtNtCs4RgcrqJDxGn_10haven_core5nostr4tags5testss_26alt_tag_with_special_chars
FN:227,_RNvNtNtNtCs4RgcrqJDxGn_10haven_core5nostr4tags5testss_26geohash_tag_zero_precision
FN:174,_RNvNtNtNtCs4RgcrqJDxGn_10haven_core5nostr4tags5testss_32expiration_tag_matches_timestamp
FN:200,_RNvNtNtNtCs4RgcrqJDxGn_10haven_core5nostr4tags5testss_33geohash_tag_handles_short_geohash
FN:191,_RNvNtNtNtCs4RgcrqJDxGn_10haven_core5nostr4tags5testss_34geohash_tag_truncates_to_precision
FN:122,_RNvMNtNtCs4n3ZNZ4DVUd_10haven_core5nostr4tagsNtB2_10TagBuilder11geohash_tag
FN:72,_RNvMNtNtCs4n3ZNZ4DVUd_10haven_core5nostr4tagsNtB2_10TagBuilder14expiration_tag
FN:94,_RNvMNtNtCs4n3ZNZ4DVUd_10haven_core5nostr4tagsNtB2_10TagBuilder5d_tag
FN:48,_RNvMNtNtCs4n3ZNZ4DVUd_10haven_core5nostr4tagsNtB2_10TagBuilder5h_tag
FN:137,_RNvMNtNtCs4n3ZNZ4DVUd_10haven_core5nostr4tagsNtB2_10TagBuilder7alt_tag
FNDA:5,_RNvMNtNtCs4RgcrqJDxGn_10haven_core5nostr4tagsNtB2_10TagBuilder11geohash_tag
FNDA:38,_RNvMNtNtCs4RgcrqJDxGn_10haven_core5nostr4tagsNtB2_10TagBuilder14expiration_tag
FNDA:2,_RNvMNtNtCs4RgcrqJDxGn_10haven_core5nostr4tagsNtB2_10TagBuilder5d_tag
FNDA:38,_RNvMNtNtCs4RgcrqJDxGn_10haven_core5nostr4tagsNtB2_10TagBuilder5h_tag
FNDA:37,_RNvMNtNtCs4RgcrqJDxGn_10haven_core5nostr4tagsNtB2_10TagBuilder7alt_tag
FNDA:1,_RNvNtNtNtCs4RgcrqJDxGn_10haven_core5nostr4tags5testss_12d_tag_format
FNDA:1,_RNvNtNtNtCs4RgcrqJDxGn_10haven_core5nostr4tags5testss_12h_tag_format
FNDA:1,_RNvNtNtNtCs4RgcrqJDxGn_10haven_core5nostr4tags5testss_14alt_tag_format
FNDA:1,_RNvNtNtNtCs4RgcrqJDxGn_10haven_core5nostr4tags5testss_14h_tag_empty_id
FNDA:1,_RNvNtNtNtCs4RgcrqJDxGn_10haven_core5nostr4tags5testss_17h_tag_with_hex_id
FNDA:1,_RNvNtNtNtCs4RgcrqJDxGn_10haven_core5nostr4tags5testss_21expiration_tag_format
FNDA:1,_RNvNtNtNtCs4RgcrqJDxGn_10haven_core5nostr4tags5testss_22d_tag_empty_identifier
FNDA:1,_RNvNtNtNtCs4RgcrqJDxGn_10haven_core5nostr4tags5testss_23geohash_tag_precision_8
FNDA:1,_RNvNtNtNtCs4RgcrqJDxGn_10haven_core5nostr4tags5testss_24expiration_tag_past_date
FNDA:1,_RNvNtNtNtCs4RgcrqJDxGn_10haven_core5nostr4tags5testss_25geohash_tag_empty_geohash
FNDA:1,_RNvNtNtNtCs4RgcrqJDxGn_10haven_core5nostr4tags5testss_26alt_tag_with_special_chars
FNDA:1,_RNvNtNtNtCs4RgcrqJDxGn_10haven_core5nostr4tags5testss_26geohash_tag_zero_precision
FNDA:1,_RNvNtNtNtCs4RgcrqJDxGn_10haven_core5nostr4tags5testss_32expiration_tag_matches_timestamp
FNDA:1,_RNvNtNtNtCs4RgcrqJDxGn_10haven_core5nostr4tags5testss_33geohash_tag_handles_short_geohash
FNDA:1,_RNvNtNtNtCs4RgcrqJDxGn_10haven_core5nostr4tags5testss_34geohash_tag_truncates_to_precision
FNDA:0,_RNvMNtNtCs4n3ZNZ4DVUd_10haven_core5nostr4tagsNtB2_10TagBuilder11geohash_tag
FNDA:4740,_RNvMNtNtCs4n3ZNZ4DVUd_10haven_core5nostr4tagsNtB2_10TagBuilder14expiration_tag
FNDA:0,_RNvMNtNtCs4n3ZNZ4DVUd_10haven_core5nostr4tagsNtB2_10TagBuilder5d_tag
FNDA:4740,_RNvMNtNtCs4n3ZNZ4DVUd_10haven_core5nostr4tagsNtB2_10TagBuilder5h_tag
FNDA:4740,_RNvMNtNtCs4n3ZNZ4DVUd_10haven_core5nostr4tagsNtB2_10TagBuilder7alt_tag
FNF:20
FNH:20
DA:48,4778
DA:49,4778
DA:50,4778
DA:72,4778
DA:73,4778
DA:74,4778
DA:94,2
DA:95,2
DA:96,2
DA:122,5
DA:123,5
DA:124,5
DA:125,5
DA:126,5
DA:137,4777
DA:138,4777
DA:139,4777
DA:148,1
DA:149,1
DA:150,1
DA:151,1
DA:152,1
DA:153,1
DA:156,1
DA:157,1
DA:158,1
DA:159,1
DA:160,1
DA:163,1
DA:164,1
DA:165,1
DA:166,1
DA:167,1
DA:169,1
DA:170,1
DA:171,1
DA:174,1
DA:175,1
DA:176,1
DA:177,1
DA:178,1
DA:179,1
DA:180,1
DA:183,1
DA:184,1
DA:185,1
DA:186,1
DA:187,1
DA:188,1
DA:191,1
DA:192,1
DA:193,1
DA:194,1
DA:195,1
DA:196,1
DA:197,1
DA:200,1
DA:201,1
DA:202,1
DA:203,1
DA:204,1
DA:207,1
DA:208,1
DA:209,1
DA:210,1
DA:213,1
DA:214,1
DA:215,1
DA:216,1
DA:217,1
DA:218,1
DA:221,1
DA:222,1
DA:223,1
DA:224,1
DA:227,1
DA:228,1
DA:229,1
DA:230,1
DA:233,1
DA:234,1
DA:235,1
DA:236,1
DA:237,1
DA:238,1
DA:241,1
DA:242,1
DA:243,1
DA:244,1
DA:245,1
DA:246,1
DA:249,1
DA:250,1
DA:251,1
DA:252,1
DA:255,1
DA:258,1
DA:259,1
DA:260,1
DA:262,1
DA:263,1
DA:264,1
BRF:0
BRH:0
LF:102
LH:102
end_of_record